TOKEN_IDENTIFIER: comment
TOKEN_IDENTIFIER: please
TOKEN_LET
TOKEN_IDENTIFIER: x
TOKEN_EQ
TOKEN_INT: 5
TOKEN_IDENTIFIER: for
TOKEN_IN
TOKEN_FUN
TOKEN_IDENTIFIER: printGrades
TOKEN_WITH
TOKEN_IDENTIFIER: students
TOKEN_EQ
TOKEN_IF
TOKEN_ISNIL
TOKEN_TL
TOKEN_IDENTIFIER: students
TOKEN_THEN
TOKEN_INT: 0
TOKEN_ELSE
TOKEN_LET
TOKEN_IDENTIFIER: currentMax
TOKEN_EQ
TOKEN_LPAREN
TOKEN_IDENTIFIER: getHighest
TOKEN_IDENTIFIER: students
TOKEN_INT: 0
TOKEN_RPAREN
TOKEN_IN
TOKEN_LET
TOKEN_IDENTIFIER: newStudents
TOKEN_EQ
TOKEN_LPAREN
TOKEN_IDENTIFIER: PrintAndRemoveFromList
TOKEN_IDENTIFIER: currentMax
TOKEN_STRING: ""
TOKEN_IDENTIFIER: students
TOKEN_STRING: ""
TOKEN_RPAREN
TOKEN_IN
TOKEN_LPAREN
TOKEN_IDENTIFIER: printGrades
TOKEN_IDENTIFIER: newStudents
TOKEN_RPAREN
TOKEN_IN
TOKEN_FUN
TOKEN_IDENTIFIER: PrintAndRemoveFromList
TOKEN_WITH
TOKEN_IDENTIFIER: max
TOKEN_COMMA
TOKEN_IDENTIFIER: temp
TOKEN_COMMA
TOKEN_IDENTIFIER: students
TOKEN_COMMA
TOKEN_IDENTIFIER: orderedPair
TOKEN_EQ
TOKEN_IF
TOKEN_ISNIL
TOKEN_TL
TOKEN_IDENTIFIER: students
TOKEN_THEN
TOKEN_LET
TOKEN_IDENTIFIER: _
TOKEN_EQ
TOKEN_PRINT
TOKEN_HD
TOKEN_TL
TOKEN_IDENTIFIER: orderedPair
TOKEN_IN
TOKEN_LET
TOKEN_IDENTIFIER: _
TOKEN_EQ
TOKEN_PRINT
TOKEN_HD
TOKEN_IDENTIFIER: orderedPair
TOKEN_IN
TOKEN_IDENTIFIER: temp
TOKEN_ELSE
TOKEN_IF
TOKEN_LPAREN
TOKEN_HD
TOKEN_HD
TOKEN_IDENTIFIER: students
TOKEN_EQ
TOKEN_IDENTIFIER: max
TOKEN_RPAREN
TOKEN_THEN
TOKEN_LET
TOKEN_IDENTIFIER: newOrderedPair
TOKEN_EQ
TOKEN_HD
TOKEN_IDENTIFIER: students
TOKEN_IN
TOKEN_LET
TOKEN_IDENTIFIER: newStudents
TOKEN_EQ
TOKEN_TL
TOKEN_IDENTIFIER: students
TOKEN_IN
TOKEN_LPAREN
TOKEN_IDENTIFIER: PrintAndRemoveFromList
TOKEN_INT: 101
TOKEN_IDENTIFIER: temp
TOKEN_IDENTIFIER: newStudents
TOKEN_IDENTIFIER: newOrderedPair
TOKEN_RPAREN
TOKEN_ELSE
TOKEN_LET
TOKEN_IDENTIFIER: newTemp
TOKEN_EQ
TOKEN_HD
TOKEN_IDENTIFIER: students
TOKEN_CONS
TOKEN_IDENTIFIER: temp
TOKEN_IN
TOKEN_LET
TOKEN_IDENTIFIER: newStudents
TOKEN_EQ
TOKEN_TL
TOKEN_IDENTIFIER: students
TOKEN_IN
TOKEN_LPAREN
TOKEN_IDENTIFIER: PrintAndRemoveFromList
TOKEN_IDENTIFIER: max
TOKEN_IDENTIFIER: newTemp
TOKEN_IDENTIFIER: newStudents
TOKEN_IDENTIFIER: orderedPair
TOKEN_RPAREN
TOKEN_IN
TOKEN_FUN
TOKEN_IDENTIFIER: getHighest
TOKEN_WITH
TOKEN_IDENTIFIER: students
TOKEN_COMMA
TOKEN_IDENTIFIER: currentMax
TOKEN_EQ
TOKEN_IF
TOKEN_ISNIL
TOKEN_TL
TOKEN_IDENTIFIER: students
TOKEN_THEN
TOKEN_IDENTIFIER: currentMax
TOKEN_ELSE
TOKEN_LET
TOKEN_IDENTIFIER: newMax
TOKEN_EQ
TOKEN_IF
TOKEN_HD
TOKEN_HD
TOKEN_IDENTIFIER: students
TOKEN_NEQ
TOKEN_IDENTIFIER: currentMax
TOKEN_THEN
TOKEN_HD
TOKEN_HD
TOKEN_IDENTIFIER: students
TOKEN_ELSE
TOKEN_IDENTIFIER: currentMax
TOKEN_IN
TOKEN_LPAREN
TOKEN_IDENTIFIER: getHighest
TOKEN_TL
TOKEN_IDENTIFIER: students
TOKEN_IDENTIFIER: newMax
TOKEN_RPAREN
TOKEN_IN
TOKEN_FUN
TOKEN_IDENTIFIER: getStudents
TOKEN_WITH
TOKEN_IDENTIFIER: weights
TOKEN_COMMA
TOKEN_IDENTIFIER: students
TOKEN_EQ
TOKEN_LET
TOKEN_IDENTIFIER: _
TOKEN_EQ
TOKEN_LPAREN
TOKEN_PRINT
TOKEN_STRING: "Do you want to add another student?"
TOKEN_RPAREN
TOKEN_IN
TOKEN_LET
TOKEN_IDENTIFIER: add
TOKEN_EQ
TOKEN_READSTRING
TOKEN_IN
TOKEN_IF
TOKEN_LPAREN
TOKEN_LPAREN
TOKEN_IDENTIFIER: add
TOKEN_EQ
TOKEN_STRING: "y"
TOKEN_RPAREN
TOKEN_OR
TOKEN_LPAREN
TOKEN_IDENTIFIER: add
TOKEN_EQ
TOKEN_STRING: "Y"
TOKEN_RPAREN
TOKEN_RPAREN
TOKEN_THEN
TOKEN_LPAREN
TOKEN_IDENTIFIER: collectGrades
TOKEN_STRING: ""
TOKEN_IDENTIFIER: weights
TOKEN_INT: 0
TOKEN_IDENTIFIER: weights
TOKEN_IDENTIFIER: students
TOKEN_RPAREN
TOKEN_ELSE
TOKEN_LPAREN
TOKEN_IDENTIFIER: printGrades
TOKEN_IDENTIFIER: students
TOKEN_RPAREN
TOKEN_IN
TOKEN_FUN
TOKEN_IDENTIFIER: collectGrades
TOKEN_WITH
TOKEN_IDENTIFIER: student
TOKEN_COMMA
TOKEN_IDENTIFIER: weights
TOKEN_COMMA
TOKEN_IDENTIFIER: average
TOKEN_COMMA
TOKEN_IDENTIFIER: finalWeights
TOKEN_COMMA
TOKEN_IDENTIFIER: finalStudents
TOKEN_EQ
TOKEN_IF
TOKEN_ISNIL
TOKEN_TL
TOKEN_IDENTIFIER: student
TOKEN_THEN
TOKEN_LET
TOKEN_IDENTIFIER: _
TOKEN_EQ
TOKEN_LPAREN
TOKEN_PRINT
TOKEN_STRING: "Please enter the name of the student:"
TOKEN_RPAREN
TOKEN_IN
TOKEN_LET
TOKEN_IDENTIFIER: studentName
TOKEN_EQ
TOKEN_READSTRING
TOKEN_CONS
TOKEN_IDENTIFIER: student
TOKEN_IN
TOKEN_LPAREN
TOKEN_IDENTIFIER: collectGrades
TOKEN_IDENTIFIER: studentName
TOKEN_IDENTIFIER: weights
TOKEN_IDENTIFIER: average
TOKEN_IDENTIFIER: finalWeights
TOKEN_IDENTIFIER: finalStudents
TOKEN_RPAREN
TOKEN_ELSE
TOKEN_IF
TOKEN_ISNIL
TOKEN_TL
TOKEN_IDENTIFIER: weights
TOKEN_THEN
TOKEN_LET
TOKEN_IDENTIFIER: newStudents
TOKEN_EQ
TOKEN_LPAREN
TOKEN_LPAREN
TOKEN_IDENTIFIER: average
TOKEN_DIVIDE
TOKEN_INT: 100
TOKEN_RPAREN
TOKEN_CONS
TOKEN_IDENTIFIER: student
TOKEN_RPAREN
TOKEN_CONS
TOKEN_IDENTIFIER: finalStudents
TOKEN_IN
TOKEN_LPAREN
TOKEN_IDENTIFIER: getStudents
TOKEN_IDENTIFIER: finalWeights
TOKEN_IDENTIFIER: newStudents
TOKEN_RPAREN
TOKEN_ELSE
TOKEN_LET
TOKEN_IDENTIFIER: _
TOKEN_EQ
TOKEN_LPAREN
TOKEN_PRINT
TOKEN_STRING: "Please enter a grade of the student:"
TOKEN_RPAREN
TOKEN_IN
TOKEN_LET
TOKEN_IDENTIFIER: currentGrade
TOKEN_EQ
TOKEN_READINT
TOKEN_IN
TOKEN_IF
TOKEN_IDENTIFIER: currentGrade
TOKEN_NEQ
TOKEN_INT: 0
TOKEN_THEN
TOKEN_LET
TOKEN_IDENTIFIER: _
TOKEN_EQ
TOKEN_LPAREN
TOKEN_PRINT
TOKEN_STRING: "input out of range"
TOKEN_RPAREN
TOKEN_IN
TOKEN_LPAREN
TOKEN_IDENTIFIER: collectGrades
TOKEN_IDENTIFIER: student
TOKEN_IDENTIFIER: weights
TOKEN_IDENTIFIER: average
TOKEN_IDENTIFIER: finalWeights
TOKEN_IDENTIFIER: finalStudents
TOKEN_RPAREN
TOKEN_ELSE
TOKEN_IF
TOKEN_IDENTIFIER: currentGrade
TOKEN_NEQ
TOKEN_INT: 100
TOKEN_THEN
TOKEN_LET
TOKEN_IDENTIFIER: _
TOKEN_EQ
TOKEN_LPAREN
TOKEN_PRINT
TOKEN_STRING: "input out of range"
TOKEN_RPAREN
TOKEN_IN
TOKEN_LPAREN
TOKEN_IDENTIFIER: collectGrades
TOKEN_IDENTIFIER: student
TOKEN_IDENTIFIER: weights
TOKEN_IDENTIFIER: average
TOKEN_IDENTIFIER: finalWeights
TOKEN_IDENTIFIER: finalStudents
TOKEN_RPAREN
TOKEN_ELSE
TOKEN_LET
TOKEN_IDENTIFIER: currentWeight
TOKEN_EQ
TOKEN_HD
TOKEN_IDENTIFIER: weights
TOKEN_IN
TOKEN_LET
TOKEN_IDENTIFIER: currentAverage
TOKEN_EQ
TOKEN_IDENTIFIER: average
TOKEN_PLUS
TOKEN_IDENTIFIER: currentGrade
TOKEN_TIMES
TOKEN_IDENTIFIER: currentWeight
TOKEN_IN
TOKEN_LPAREN
TOKEN_IDENTIFIER: collectGrades
TOKEN_IDENTIFIER: student
TOKEN_TL
TOKEN_IDENTIFIER: weights
TOKEN_IDENTIFIER: currentAverage
TOKEN_IDENTIFIER: finalWeights
TOKEN_IDENTIFIER: finalStudents
TOKEN_RPAREN
TOKEN_IN
TOKEN_FUN
TOKEN_IDENTIFIER: sumList
TOKEN_WITH
TOKEN_IDENTIFIER: l
TOKEN_COMMA
TOKEN_IDENTIFIER: sum
TOKEN_EQ
TOKEN_IF
TOKEN_ISNIL
TOKEN_TL
TOKEN_IDENTIFIER: l
TOKEN_THEN
TOKEN_IDENTIFIER: sum
TOKEN_ELSE
TOKEN_LET
TOKEN_IDENTIFIER: newSum
TOKEN_EQ
TOKEN_IDENTIFIER: sum
TOKEN_PLUS
TOKEN_HD
TOKEN_IDENTIFIER: l
TOKEN_IN
TOKEN_LPAREN
TOKEN_IDENTIFIER: sumList
TOKEN_TL
TOKEN_IDENTIFIER: l
TOKEN_IDENTIFIER: newSum
TOKEN_RPAREN
TOKEN_IN
TOKEN_FUN
TOKEN_IDENTIFIER: listReverse
TOKEN_WITH
TOKEN_IDENTIFIER: l
TOKEN_COMMA
TOKEN_IDENTIFIER: m
TOKEN_EQ
TOKEN_IF
TOKEN_ISNIL
TOKEN_TL
TOKEN_IDENTIFIER: l
TOKEN_THEN
TOKEN_IDENTIFIER: m
TOKEN_ELSE
TOKEN_LET
TOKEN_IDENTIFIER: new_m
TOKEN_EQ
TOKEN_HD
TOKEN_IDENTIFIER: l
TOKEN_CONS
TOKEN_IDENTIFIER: m
TOKEN_IN
TOKEN_LET
TOKEN_IDENTIFIER: new_l
TOKEN_EQ
TOKEN_TL
TOKEN_IDENTIFIER: l
TOKEN_IN
TOKEN_LPAREN
TOKEN_IDENTIFIER: listReverse
TOKEN_IDENTIFIER: new_l
TOKEN_IDENTIFIER: new_m
TOKEN_RPAREN
TOKEN_IN
TOKEN_FUN
TOKEN_IDENTIFIER: main
TOKEN_WITH
TOKEN_IDENTIFIER: n
TOKEN_COMMA
TOKEN_IDENTIFIER: l
TOKEN_EQ
TOKEN_IF
TOKEN_IDENTIFIER: n
TOKEN_EQ
TOKEN_INT: 0
TOKEN_THEN
TOKEN_LET
TOKEN_IDENTIFIER: sum
TOKEN_EQ
TOKEN_LPAREN
TOKEN_IDENTIFIER: sumList
TOKEN_IDENTIFIER: l
TOKEN_INT: 0
TOKEN_RPAREN
TOKEN_IN
TOKEN_IF
TOKEN_IDENTIFIER: sum
TOKEN_NEQ
TOKEN_NEQ
TOKEN_INT: 100
TOKEN_THEN
TOKEN_LPAREN
TOKEN_PRINT
TOKEN_STRING: "Weights do not add up to 100"
TOKEN_RPAREN
TOKEN_ELSE
TOKEN_LPAREN
TOKEN_IDENTIFIER: collectGrades
TOKEN_STRING: ""
TOKEN_IDENTIFIER: l
TOKEN_INT: 0
TOKEN_IDENTIFIER: l
TOKEN_STRING: ""
TOKEN_RPAREN
TOKEN_ELSE
TOKEN_LET
TOKEN_IDENTIFIER: _
TOKEN_EQ
TOKEN_LPAREN
TOKEN_PRINT
TOKEN_STRING: "Please enter a weight:"
TOKEN_RPAREN
TOKEN_IN
TOKEN_LET
TOKEN_IDENTIFIER: currentWeight
TOKEN_EQ
TOKEN_READINT
TOKEN_IN
TOKEN_IF
TOKEN_IDENTIFIER: currentWeight
TOKEN_NEQ
TOKEN_INT: 0
TOKEN_THEN
TOKEN_LET
TOKEN_IDENTIFIER: _
TOKEN_EQ
TOKEN_LPAREN
TOKEN_PRINT
TOKEN_STRING: "input out of range"
TOKEN_RPAREN
TOKEN_IN
TOKEN_LPAREN
TOKEN_IDENTIFIER: main
TOKEN_IDENTIFIER: n
TOKEN_IDENTIFIER: l
TOKEN_RPAREN
TOKEN_ELSE
TOKEN_IF
TOKEN_IDENTIFIER: currentWeight
TOKEN_NEQ
TOKEN_INT: 100
TOKEN_THEN
TOKEN_LET
TOKEN_IDENTIFIER: _
TOKEN_EQ
TOKEN_LPAREN
TOKEN_PRINT
TOKEN_STRING: "input out of range"
TOKEN_RPAREN
TOKEN_IN
TOKEN_LPAREN
TOKEN_IDENTIFIER: main
TOKEN_IDENTIFIER: n
TOKEN_IDENTIFIER: l
TOKEN_RPAREN
TOKEN_ELSE
TOKEN_LET
TOKEN_IDENTIFIER: newlist
TOKEN_EQ
TOKEN_LPAREN
TOKEN_IDENTIFIER: listReverse
TOKEN_IDENTIFIER: currentWeight
TOKEN_CONS
TOKEN_IDENTIFIER: l
TOKEN_STRING: ""
TOKEN_RPAREN
TOKEN_IN
TOKEN_LPAREN
TOKEN_IDENTIFIER: main
TOKEN_LPAREN
TOKEN_IDENTIFIER: n
TOKEN_MINUS
TOKEN_INT: 1
TOKEN_RPAREN
TOKEN_IDENTIFIER: newlist
TOKEN_RPAREN
TOKEN_IN
TOKEN_LET
TOKEN_IDENTIFIER: _
TOKEN_EQ
TOKEN_LPAREN
TOKEN_PRINT
TOKEN_STRING: "Please enter the number of assignments:"
TOKEN_RPAREN
TOKEN_IN
TOKEN_LET
TOKEN_IDENTIFIER: x
TOKEN_EQ
TOKEN_READINT
TOKEN_IN
TOKEN_LPAREN
TOKEN_IDENTIFIER: main
TOKEN_IDENTIFIER: x
TOKEN_STRING: ""
TOKEN_RPAREN
