State 20 conflicts: 11 shift/reduce
State 21 conflicts: 11 shift/reduce
State 22 conflicts: 11 shift/reduce
State 23 conflicts: 11 shift/reduce
State 52 conflicts: 11 shift/reduce
State 53 conflicts: 9 shift/reduce
State 54 conflicts: 9 shift/reduce
State 55 conflicts: 11 shift/reduce
State 57 conflicts: 11 shift/reduce
State 58 conflicts: 11 shift/reduce
State 59 conflicts: 11 shift/reduce
State 60 conflicts: 11 shift/reduce
State 61 conflicts: 11 shift/reduce
State 62 conflicts: 11 shift/reduce
State 65 conflicts: 11 shift/reduce
State 73 conflicts: 11 shift/reduce
State 74 conflicts: 9 shift/reduce
State 79 conflicts: 11 shift/reduce
State 83 conflicts: 11 shift/reduce


Grammar

    0 $accept: program $end

    1 program: expression

    2 expression: TOKEN_LET identifier TOKEN_EQ expression TOKEN_IN expression
    3           | TOKEN_FUN identifier TOKEN_WITH identifier_list TOKEN_EQ expression TOKEN_IN expression
    4           | TOKEN_LAMBDA identifier_list TOKEN_DOT expression
    5           | TOKEN_IF expression TOKEN_THEN expression TOKEN_ELSE expression
    6           | expression TOKEN_PLUS expression

    7 @1: /* empty */

    8 @2: /* empty */

    9 expression: expression TOKEN_AND expression @1 expression TOKEN_OR expression @2 expression TOKEN_MINUS expression
   10           | expression TOKEN_TIMES expression
   11           | expression TOKEN_DIVIDE expression
   12           | expression TOKEN_EQ expression
   13           | expression TOKEN_NEQ expression
   14           | expression TOKEN_LT expression
   15           | expression TOKEN_LEQ expression
   16           | expression TOKEN_GT expression
   17           | expression TOKEN_GEQ expression
   18           | TOKEN_INT
   19           | TOKEN_STRING
   20           | TOKEN_LPAREN expression_application TOKEN_RPAREN
   21           | TOKEN_PRINT expression
   22           | TOKEN_READINT
   23           | TOKEN_READSTRING
   24           | TOKEN_HD expression
   25           | TOKEN_TL expression
   26           | expression TOKEN_CONS expression
   27           | TOKEN_NIL
   28           | TOKEN_ISNIL expression
   29           | identifier
   30           | TOKEN_LPAREN expression TOKEN_RPAREN
   31           | TOKEN_ERROR

   32 expression_application: expression expression
   33                       | expression_application expression

   34 identifier_list: identifier
   35                | identifier TOKEN_COMMA identifier_list

   36 identifier: TOKEN_IDENTIFIER


Terminals, with rules where they appear

$end (0) 0
error (256)
TOKEN_READSTRING (258) 23
TOKEN_READINT (259) 22
TOKEN_PRINT (260) 21
TOKEN_ISNIL (261) 28
TOKEN_HD (262) 24
TOKEN_TL (263) 25
TOKEN_CONS (264) 26
TOKEN_NIL (265) 27
TOKEN_DOT (266) 4
TOKEN_WITH (267) 3
TOKEN_LET (268) 2
TOKEN_PLUS (269) 6
TOKEN_MINUS (270) 9
TOKEN_IDENTIFIER (271) 36
TOKEN_TIMES (272) 10
TOKEN_DIVIDE (273) 11
TOKEN_INT (274) 18
TOKEN_LPAREN (275) 20 30
TOKEN_RPAREN (276) 20 30
TOKEN_AND (277) 9
TOKEN_OR (278) 9
TOKEN_EQ (279) 2 3 12
TOKEN_NEQ (280) 13
TOKEN_GT (281) 16
TOKEN_GEQ (282) 17
TOKEN_LT (283) 14
TOKEN_LEQ (284) 15
TOKEN_IF (285) 5
TOKEN_THEN (286) 5
TOKEN_ELSE (287) 5
TOKEN_LAMBDA (288) 4
TOKEN_FUN (289) 3
TOKEN_COMMA (290) 35
TOKEN_STRING (291) 19
TOKEN_ERROR (292) 31
TOKEN_IN (293) 2 3
EXPR (294)


Nonterminals, with rules where they appear

$accept (40)
    on left: 0
program (41)
    on left: 1, on right: 0
expression (42)
    on left: 2 3 4 5 6 9 10 11 12 13 14 15 16 17 18 19 20 21 22 23
    24 25 26 27 28 29 30 31, on right: 1 2 3 4 5 6 9 10 11 12 13 14
    15 16 17 21 24 25 26 28 30 32 33
@1 (43)
    on left: 7, on right: 9
@2 (44)
    on left: 8, on right: 9
expression_application (45)
    on left: 32 33, on right: 20 33
identifier_list (46)
    on left: 34 35, on right: 3 4 35
identifier (47)
    on left: 36, on right: 2 3 29 34 35


state 0

    0 $accept: . program $end

    TOKEN_READSTRING  shift, and go to state 1
    TOKEN_READINT     shift, and go to state 2
    TOKEN_PRINT       shift, and go to state 3
    TOKEN_ISNIL       shift, and go to state 4
    TOKEN_HD          shift, and go to state 5
    TOKEN_TL          shift, and go to state 6
    TOKEN_NIL         shift, and go to state 7
    TOKEN_LET         shift, and go to state 8
    TOKEN_IDENTIFIER  shift, and go to state 9
    TOKEN_INT         shift, and go to state 10
    TOKEN_LPAREN      shift, and go to state 11
    TOKEN_IF          shift, and go to state 12
    TOKEN_LAMBDA      shift, and go to state 13
    TOKEN_FUN         shift, and go to state 14
    TOKEN_STRING      shift, and go to state 15
    TOKEN_ERROR       shift, and go to state 16

    program     go to state 17
    expression  go to state 18
    identifier  go to state 19


state 1

   23 expression: TOKEN_READSTRING .

    $default  reduce using rule 23 (expression)


state 2

   22 expression: TOKEN_READINT .

    $default  reduce using rule 22 (expression)


state 3

   21 expression: TOKEN_PRINT . expression

    TOKEN_READSTRING  shift, and go to state 1
    TOKEN_READINT     shift, and go to state 2
    TOKEN_PRINT       shift, and go to state 3
    TOKEN_ISNIL       shift, and go to state 4
    TOKEN_HD          shift, and go to state 5
    TOKEN_TL          shift, and go to state 6
    TOKEN_NIL         shift, and go to state 7
    TOKEN_LET         shift, and go to state 8
    TOKEN_IDENTIFIER  shift, and go to state 9
    TOKEN_INT         shift, and go to state 10
    TOKEN_LPAREN      shift, and go to state 11
    TOKEN_IF          shift, and go to state 12
    TOKEN_LAMBDA      shift, and go to state 13
    TOKEN_FUN         shift, and go to state 14
    TOKEN_STRING      shift, and go to state 15
    TOKEN_ERROR       shift, and go to state 16

    expression  go to state 20
    identifier  go to state 19


state 4

   28 expression: TOKEN_ISNIL . expression

    TOKEN_READSTRING  shift, and go to state 1
    TOKEN_READINT     shift, and go to state 2
    TOKEN_PRINT       shift, and go to state 3
    TOKEN_ISNIL       shift, and go to state 4
    TOKEN_HD          shift, and go to state 5
    TOKEN_TL          shift, and go to state 6
    TOKEN_NIL         shift, and go to state 7
    TOKEN_LET         shift, and go to state 8
    TOKEN_IDENTIFIER  shift, and go to state 9
    TOKEN_INT         shift, and go to state 10
    TOKEN_LPAREN      shift, and go to state 11
    TOKEN_IF          shift, and go to state 12
    TOKEN_LAMBDA      shift, and go to state 13
    TOKEN_FUN         shift, and go to state 14
    TOKEN_STRING      shift, and go to state 15
    TOKEN_ERROR       shift, and go to state 16

    expression  go to state 21
    identifier  go to state 19


state 5

   24 expression: TOKEN_HD . expression

    TOKEN_READSTRING  shift, and go to state 1
    TOKEN_READINT     shift, and go to state 2
    TOKEN_PRINT       shift, and go to state 3
    TOKEN_ISNIL       shift, and go to state 4
    TOKEN_HD          shift, and go to state 5
    TOKEN_TL          shift, and go to state 6
    TOKEN_NIL         shift, and go to state 7
    TOKEN_LET         shift, and go to state 8
    TOKEN_IDENTIFIER  shift, and go to state 9
    TOKEN_INT         shift, and go to state 10
    TOKEN_LPAREN      shift, and go to state 11
    TOKEN_IF          shift, and go to state 12
    TOKEN_LAMBDA      shift, and go to state 13
    TOKEN_FUN         shift, and go to state 14
    TOKEN_STRING      shift, and go to state 15
    TOKEN_ERROR       shift, and go to state 16

    expression  go to state 22
    identifier  go to state 19


state 6

   25 expression: TOKEN_TL . expression

    TOKEN_READSTRING  shift, and go to state 1
    TOKEN_READINT     shift, and go to state 2
    TOKEN_PRINT       shift, and go to state 3
    TOKEN_ISNIL       shift, and go to state 4
    TOKEN_HD          shift, and go to state 5
    TOKEN_TL          shift, and go to state 6
    TOKEN_NIL         shift, and go to state 7
    TOKEN_LET         shift, and go to state 8
    TOKEN_IDENTIFIER  shift, and go to state 9
    TOKEN_INT         shift, and go to state 10
    TOKEN_LPAREN      shift, and go to state 11
    TOKEN_IF          shift, and go to state 12
    TOKEN_LAMBDA      shift, and go to state 13
    TOKEN_FUN         shift, and go to state 14
    TOKEN_STRING      shift, and go to state 15
    TOKEN_ERROR       shift, and go to state 16

    expression  go to state 23
    identifier  go to state 19


state 7

   27 expression: TOKEN_NIL .

    $default  reduce using rule 27 (expression)


state 8

    2 expression: TOKEN_LET . identifier TOKEN_EQ expression TOKEN_IN expression

    TOKEN_IDENTIFIER  shift, and go to state 9

    identifier  go to state 24


state 9

   36 identifier: TOKEN_IDENTIFIER .

    $default  reduce using rule 36 (identifier)


state 10

   18 expression: TOKEN_INT .

    $default  reduce using rule 18 (expression)


state 11

   20 expression: TOKEN_LPAREN . expression_application TOKEN_RPAREN
   30           | TOKEN_LPAREN . expression TOKEN_RPAREN

    TOKEN_READSTRING  shift, and go to state 1
    TOKEN_READINT     shift, and go to state 2
    TOKEN_PRINT       shift, and go to state 3
    TOKEN_ISNIL       shift, and go to state 4
    TOKEN_HD          shift, and go to state 5
    TOKEN_TL          shift, and go to state 6
    TOKEN_NIL         shift, and go to state 7
    TOKEN_LET         shift, and go to state 8
    TOKEN_IDENTIFIER  shift, and go to state 9
    TOKEN_INT         shift, and go to state 10
    TOKEN_LPAREN      shift, and go to state 11
    TOKEN_IF          shift, and go to state 12
    TOKEN_LAMBDA      shift, and go to state 13
    TOKEN_FUN         shift, and go to state 14
    TOKEN_STRING      shift, and go to state 15
    TOKEN_ERROR       shift, and go to state 16

    expression              go to state 25
    expression_application  go to state 26
    identifier              go to state 19


state 12

    5 expression: TOKEN_IF . expression TOKEN_THEN expression TOKEN_ELSE expression

    TOKEN_READSTRING  shift, and go to state 1
    TOKEN_READINT     shift, and go to state 2
    TOKEN_PRINT       shift, and go to state 3
    TOKEN_ISNIL       shift, and go to state 4
    TOKEN_HD          shift, and go to state 5
    TOKEN_TL          shift, and go to state 6
    TOKEN_NIL         shift, and go to state 7
    TOKEN_LET         shift, and go to state 8
    TOKEN_IDENTIFIER  shift, and go to state 9
    TOKEN_INT         shift, and go to state 10
    TOKEN_LPAREN      shift, and go to state 11
    TOKEN_IF          shift, and go to state 12
    TOKEN_LAMBDA      shift, and go to state 13
    TOKEN_FUN         shift, and go to state 14
    TOKEN_STRING      shift, and go to state 15
    TOKEN_ERROR       shift, and go to state 16

    expression  go to state 27
    identifier  go to state 19


state 13

    4 expression: TOKEN_LAMBDA . identifier_list TOKEN_DOT expression

    TOKEN_IDENTIFIER  shift, and go to state 9

    identifier_list  go to state 28
    identifier       go to state 29


state 14

    3 expression: TOKEN_FUN . identifier TOKEN_WITH identifier_list TOKEN_EQ expression TOKEN_IN expression

    TOKEN_IDENTIFIER  shift, and go to state 9

    identifier  go to state 30


state 15

   19 expression: TOKEN_STRING .

    $default  reduce using rule 19 (expression)


state 16

   31 expression: TOKEN_ERROR .

    $default  reduce using rule 31 (expression)


state 17

    0 $accept: program . $end

    $end  shift, and go to state 31


state 18

    1 program: expression .
    6 expression: expression . TOKEN_PLUS expression
    9           | expression . TOKEN_AND expression @1 expression TOKEN_OR expression @2 expression TOKEN_MINUS expression
   10           | expression . TOKEN_TIMES expression
   11           | expression . TOKEN_DIVIDE expression
   12           | expression . TOKEN_EQ expression
   13           | expression . TOKEN_NEQ expression
   14           | expression . TOKEN_LT expression
   15           | expression . TOKEN_LEQ expression
   16           | expression . TOKEN_GT expression
   17           | expression . TOKEN_GEQ expression
   26           | expression . TOKEN_CONS expression

    TOKEN_CONS    shift, and go to state 32
    TOKEN_PLUS    shift, and go to state 33
    TOKEN_TIMES   shift, and go to state 34
    TOKEN_DIVIDE  shift, and go to state 35
    TOKEN_AND     shift, and go to state 36
    TOKEN_EQ      shift, and go to state 37
    TOKEN_NEQ     shift, and go to state 38
    TOKEN_GT      shift, and go to state 39
    TOKEN_GEQ     shift, and go to state 40
    TOKEN_LT      shift, and go to state 41
    TOKEN_LEQ     shift, and go to state 42

    $default  reduce using rule 1 (program)


state 19

   29 expression: identifier .

    $default  reduce using rule 29 (expression)


state 20

    6 expression: expression . TOKEN_PLUS expression
    9           | expression . TOKEN_AND expression @1 expression TOKEN_OR expression @2 expression TOKEN_MINUS expression
   10           | expression . TOKEN_TIMES expression
   11           | expression . TOKEN_DIVIDE expression
   12           | expression . TOKEN_EQ expression
   13           | expression . TOKEN_NEQ expression
   14           | expression . TOKEN_LT expression
   15           | expression . TOKEN_LEQ expression
   16           | expression . TOKEN_GT expression
   17           | expression . TOKEN_GEQ expression
   21           | TOKEN_PRINT expression .
   26           | expression . TOKEN_CONS expression

    TOKEN_CONS    shift, and go to state 32
    TOKEN_PLUS    shift, and go to state 33
    TOKEN_TIMES   shift, and go to state 34
    TOKEN_DIVIDE  shift, and go to state 35
    TOKEN_AND     shift, and go to state 36
    TOKEN_EQ      shift, and go to state 37
    TOKEN_NEQ     shift, and go to state 38
    TOKEN_GT      shift, and go to state 39
    TOKEN_GEQ     shift, and go to state 40
    TOKEN_LT      shift, and go to state 41
    TOKEN_LEQ     shift, and go to state 42

    TOKEN_CONS    [reduce using rule 21 (expression)]
    TOKEN_PLUS    [reduce using rule 21 (expression)]
    TOKEN_TIMES   [reduce using rule 21 (expression)]
    TOKEN_DIVIDE  [reduce using rule 21 (expression)]
    TOKEN_AND     [reduce using rule 21 (expression)]
    TOKEN_EQ      [reduce using rule 21 (expression)]
    TOKEN_NEQ     [reduce using rule 21 (expression)]
    TOKEN_GT      [reduce using rule 21 (expression)]
    TOKEN_GEQ     [reduce using rule 21 (expression)]
    TOKEN_LT      [reduce using rule 21 (expression)]
    TOKEN_LEQ     [reduce using rule 21 (expression)]
    $default      reduce using rule 21 (expression)


state 21

    6 expression: expression . TOKEN_PLUS expression
    9           | expression . TOKEN_AND expression @1 expression TOKEN_OR expression @2 expression TOKEN_MINUS expression
   10           | expression . TOKEN_TIMES expression
   11           | expression . TOKEN_DIVIDE expression
   12           | expression . TOKEN_EQ expression
   13           | expression . TOKEN_NEQ expression
   14           | expression . TOKEN_LT expression
   15           | expression . TOKEN_LEQ expression
   16           | expression . TOKEN_GT expression
   17           | expression . TOKEN_GEQ expression
   26           | expression . TOKEN_CONS expression
   28           | TOKEN_ISNIL expression .

    TOKEN_CONS    shift, and go to state 32
    TOKEN_PLUS    shift, and go to state 33
    TOKEN_TIMES   shift, and go to state 34
    TOKEN_DIVIDE  shift, and go to state 35
    TOKEN_AND     shift, and go to state 36
    TOKEN_EQ      shift, and go to state 37
    TOKEN_NEQ     shift, and go to state 38
    TOKEN_GT      shift, and go to state 39
    TOKEN_GEQ     shift, and go to state 40
    TOKEN_LT      shift, and go to state 41
    TOKEN_LEQ     shift, and go to state 42

    TOKEN_CONS    [reduce using rule 28 (expression)]
    TOKEN_PLUS    [reduce using rule 28 (expression)]
    TOKEN_TIMES   [reduce using rule 28 (expression)]
    TOKEN_DIVIDE  [reduce using rule 28 (expression)]
    TOKEN_AND     [reduce using rule 28 (expression)]
    TOKEN_EQ      [reduce using rule 28 (expression)]
    TOKEN_NEQ     [reduce using rule 28 (expression)]
    TOKEN_GT      [reduce using rule 28 (expression)]
    TOKEN_GEQ     [reduce using rule 28 (expression)]
    TOKEN_LT      [reduce using rule 28 (expression)]
    TOKEN_LEQ     [reduce using rule 28 (expression)]
    $default      reduce using rule 28 (expression)


state 22

    6 expression: expression . TOKEN_PLUS expression
    9           | expression . TOKEN_AND expression @1 expression TOKEN_OR expression @2 expression TOKEN_MINUS expression
   10           | expression . TOKEN_TIMES expression
   11           | expression . TOKEN_DIVIDE expression
   12           | expression . TOKEN_EQ expression
   13           | expression . TOKEN_NEQ expression
   14           | expression . TOKEN_LT expression
   15           | expression . TOKEN_LEQ expression
   16           | expression . TOKEN_GT expression
   17           | expression . TOKEN_GEQ expression
   24           | TOKEN_HD expression .
   26           | expression . TOKEN_CONS expression

    TOKEN_CONS    shift, and go to state 32
    TOKEN_PLUS    shift, and go to state 33
    TOKEN_TIMES   shift, and go to state 34
    TOKEN_DIVIDE  shift, and go to state 35
    TOKEN_AND     shift, and go to state 36
    TOKEN_EQ      shift, and go to state 37
    TOKEN_NEQ     shift, and go to state 38
    TOKEN_GT      shift, and go to state 39
    TOKEN_GEQ     shift, and go to state 40
    TOKEN_LT      shift, and go to state 41
    TOKEN_LEQ     shift, and go to state 42

    TOKEN_CONS    [reduce using rule 24 (expression)]
    TOKEN_PLUS    [reduce using rule 24 (expression)]
    TOKEN_TIMES   [reduce using rule 24 (expression)]
    TOKEN_DIVIDE  [reduce using rule 24 (expression)]
    TOKEN_AND     [reduce using rule 24 (expression)]
    TOKEN_EQ      [reduce using rule 24 (expression)]
    TOKEN_NEQ     [reduce using rule 24 (expression)]
    TOKEN_GT      [reduce using rule 24 (expression)]
    TOKEN_GEQ     [reduce using rule 24 (expression)]
    TOKEN_LT      [reduce using rule 24 (expression)]
    TOKEN_LEQ     [reduce using rule 24 (expression)]
    $default      reduce using rule 24 (expression)


state 23

    6 expression: expression . TOKEN_PLUS expression
    9           | expression . TOKEN_AND expression @1 expression TOKEN_OR expression @2 expression TOKEN_MINUS expression
   10           | expression . TOKEN_TIMES expression
   11           | expression . TOKEN_DIVIDE expression
   12           | expression . TOKEN_EQ expression
   13           | expression . TOKEN_NEQ expression
   14           | expression . TOKEN_LT expression
   15           | expression . TOKEN_LEQ expression
   16           | expression . TOKEN_GT expression
   17           | expression . TOKEN_GEQ expression
   25           | TOKEN_TL expression .
   26           | expression . TOKEN_CONS expression

    TOKEN_CONS    shift, and go to state 32
    TOKEN_PLUS    shift, and go to state 33
    TOKEN_TIMES   shift, and go to state 34
    TOKEN_DIVIDE  shift, and go to state 35
    TOKEN_AND     shift, and go to state 36
    TOKEN_EQ      shift, and go to state 37
    TOKEN_NEQ     shift, and go to state 38
    TOKEN_GT      shift, and go to state 39
    TOKEN_GEQ     shift, and go to state 40
    TOKEN_LT      shift, and go to state 41
    TOKEN_LEQ     shift, and go to state 42

    TOKEN_CONS    [reduce using rule 25 (expression)]
    TOKEN_PLUS    [reduce using rule 25 (expression)]
    TOKEN_TIMES   [reduce using rule 25 (expression)]
    TOKEN_DIVIDE  [reduce using rule 25 (expression)]
    TOKEN_AND     [reduce using rule 25 (expression)]
    TOKEN_EQ      [reduce using rule 25 (expression)]
    TOKEN_NEQ     [reduce using rule 25 (expression)]
    TOKEN_GT      [reduce using rule 25 (expression)]
    TOKEN_GEQ     [reduce using rule 25 (expression)]
    TOKEN_LT      [reduce using rule 25 (expression)]
    TOKEN_LEQ     [reduce using rule 25 (expression)]
    $default      reduce using rule 25 (expression)


state 24

    2 expression: TOKEN_LET identifier . TOKEN_EQ expression TOKEN_IN expression

    TOKEN_EQ  shift, and go to state 43


state 25

    6 expression: expression . TOKEN_PLUS expression
    9           | expression . TOKEN_AND expression @1 expression TOKEN_OR expression @2 expression TOKEN_MINUS expression
   10           | expression . TOKEN_TIMES expression
   11           | expression . TOKEN_DIVIDE expression
   12           | expression . TOKEN_EQ expression
   13           | expression . TOKEN_NEQ expression
   14           | expression . TOKEN_LT expression
   15           | expression . TOKEN_LEQ expression
   16           | expression . TOKEN_GT expression
   17           | expression . TOKEN_GEQ expression
   26           | expression . TOKEN_CONS expression
   30           | TOKEN_LPAREN expression . TOKEN_RPAREN
   32 expression_application: expression . expression

    TOKEN_READSTRING  shift, and go to state 1
    TOKEN_READINT     shift, and go to state 2
    TOKEN_PRINT       shift, and go to state 3
    TOKEN_ISNIL       shift, and go to state 4
    TOKEN_HD          shift, and go to state 5
    TOKEN_TL          shift, and go to state 6
    TOKEN_CONS        shift, and go to state 32
    TOKEN_NIL         shift, and go to state 7
    TOKEN_LET         shift, and go to state 8
    TOKEN_PLUS        shift, and go to state 33
    TOKEN_IDENTIFIER  shift, and go to state 9
    TOKEN_TIMES       shift, and go to state 34
    TOKEN_DIVIDE      shift, and go to state 35
    TOKEN_INT         shift, and go to state 10
    TOKEN_LPAREN      shift, and go to state 11
    TOKEN_RPAREN      shift, and go to state 44
    TOKEN_AND         shift, and go to state 36
    TOKEN_EQ          shift, and go to state 37
    TOKEN_NEQ         shift, and go to state 38
    TOKEN_GT          shift, and go to state 39
    TOKEN_GEQ         shift, and go to state 40
    TOKEN_LT          shift, and go to state 41
    TOKEN_LEQ         shift, and go to state 42
    TOKEN_IF          shift, and go to state 12
    TOKEN_LAMBDA      shift, and go to state 13
    TOKEN_FUN         shift, and go to state 14
    TOKEN_STRING      shift, and go to state 15
    TOKEN_ERROR       shift, and go to state 16

    expression  go to state 45
    identifier  go to state 19


state 26

   20 expression: TOKEN_LPAREN expression_application . TOKEN_RPAREN
   33 expression_application: expression_application . expression

    TOKEN_READSTRING  shift, and go to state 1
    TOKEN_READINT     shift, and go to state 2
    TOKEN_PRINT       shift, and go to state 3
    TOKEN_ISNIL       shift, and go to state 4
    TOKEN_HD          shift, and go to state 5
    TOKEN_TL          shift, and go to state 6
    TOKEN_NIL         shift, and go to state 7
    TOKEN_LET         shift, and go to state 8
    TOKEN_IDENTIFIER  shift, and go to state 9
    TOKEN_INT         shift, and go to state 10
    TOKEN_LPAREN      shift, and go to state 11
    TOKEN_RPAREN      shift, and go to state 46
    TOKEN_IF          shift, and go to state 12
    TOKEN_LAMBDA      shift, and go to state 13
    TOKEN_FUN         shift, and go to state 14
    TOKEN_STRING      shift, and go to state 15
    TOKEN_ERROR       shift, and go to state 16

    expression  go to state 47
    identifier  go to state 19


state 27

    5 expression: TOKEN_IF expression . TOKEN_THEN expression TOKEN_ELSE expression
    6           | expression . TOKEN_PLUS expression
    9           | expression . TOKEN_AND expression @1 expression TOKEN_OR expression @2 expression TOKEN_MINUS expression
   10           | expression . TOKEN_TIMES expression
   11           | expression . TOKEN_DIVIDE expression
   12           | expression . TOKEN_EQ expression
   13           | expression . TOKEN_NEQ expression
   14           | expression . TOKEN_LT expression
   15           | expression . TOKEN_LEQ expression
   16           | expression . TOKEN_GT expression
   17           | expression . TOKEN_GEQ expression
   26           | expression . TOKEN_CONS expression

    TOKEN_CONS    shift, and go to state 32
    TOKEN_PLUS    shift, and go to state 33
    TOKEN_TIMES   shift, and go to state 34
    TOKEN_DIVIDE  shift, and go to state 35
    TOKEN_AND     shift, and go to state 36
    TOKEN_EQ      shift, and go to state 37
    TOKEN_NEQ     shift, and go to state 38
    TOKEN_GT      shift, and go to state 39
    TOKEN_GEQ     shift, and go to state 40
    TOKEN_LT      shift, and go to state 41
    TOKEN_LEQ     shift, and go to state 42
    TOKEN_THEN    shift, and go to state 48


state 28

    4 expression: TOKEN_LAMBDA identifier_list . TOKEN_DOT expression

    TOKEN_DOT  shift, and go to state 49


state 29

   34 identifier_list: identifier .
   35                | identifier . TOKEN_COMMA identifier_list

    TOKEN_COMMA  shift, and go to state 50

    $default  reduce using rule 34 (identifier_list)


state 30

    3 expression: TOKEN_FUN identifier . TOKEN_WITH identifier_list TOKEN_EQ expression TOKEN_IN expression

    TOKEN_WITH  shift, and go to state 51


state 31

    0 $accept: program $end .

    $default  accept


state 32

   26 expression: expression TOKEN_CONS . expression

    TOKEN_READSTRING  shift, and go to state 1
    TOKEN_READINT     shift, and go to state 2
    TOKEN_PRINT       shift, and go to state 3
    TOKEN_ISNIL       shift, and go to state 4
    TOKEN_HD          shift, and go to state 5
    TOKEN_TL          shift, and go to state 6
    TOKEN_NIL         shift, and go to state 7
    TOKEN_LET         shift, and go to state 8
    TOKEN_IDENTIFIER  shift, and go to state 9
    TOKEN_INT         shift, and go to state 10
    TOKEN_LPAREN      shift, and go to state 11
    TOKEN_IF          shift, and go to state 12
    TOKEN_LAMBDA      shift, and go to state 13
    TOKEN_FUN         shift, and go to state 14
    TOKEN_STRING      shift, and go to state 15
    TOKEN_ERROR       shift, and go to state 16

    expression  go to state 52
    identifier  go to state 19


state 33

    6 expression: expression TOKEN_PLUS . expression

    TOKEN_READSTRING  shift, and go to state 1
    TOKEN_READINT     shift, and go to state 2
    TOKEN_PRINT       shift, and go to state 3
    TOKEN_ISNIL       shift, and go to state 4
    TOKEN_HD          shift, and go to state 5
    TOKEN_TL          shift, and go to state 6
    TOKEN_NIL         shift, and go to state 7
    TOKEN_LET         shift, and go to state 8
    TOKEN_IDENTIFIER  shift, and go to state 9
    TOKEN_INT         shift, and go to state 10
    TOKEN_LPAREN      shift, and go to state 11
    TOKEN_IF          shift, and go to state 12
    TOKEN_LAMBDA      shift, and go to state 13
    TOKEN_FUN         shift, and go to state 14
    TOKEN_STRING      shift, and go to state 15
    TOKEN_ERROR       shift, and go to state 16

    expression  go to state 53
    identifier  go to state 19


state 34

   10 expression: expression TOKEN_TIMES . expression

    TOKEN_READSTRING  shift, and go to state 1
    TOKEN_READINT     shift, and go to state 2
    TOKEN_PRINT       shift, and go to state 3
    TOKEN_ISNIL       shift, and go to state 4
    TOKEN_HD          shift, and go to state 5
    TOKEN_TL          shift, and go to state 6
    TOKEN_NIL         shift, and go to state 7
    TOKEN_LET         shift, and go to state 8
    TOKEN_IDENTIFIER  shift, and go to state 9
    TOKEN_INT         shift, and go to state 10
    TOKEN_LPAREN      shift, and go to state 11
    TOKEN_IF          shift, and go to state 12
    TOKEN_LAMBDA      shift, and go to state 13
    TOKEN_FUN         shift, and go to state 14
    TOKEN_STRING      shift, and go to state 15
    TOKEN_ERROR       shift, and go to state 16

    expression  go to state 54
    identifier  go to state 19


state 35

   11 expression: expression TOKEN_DIVIDE . expression

    TOKEN_READSTRING  shift, and go to state 1
    TOKEN_READINT     shift, and go to state 2
    TOKEN_PRINT       shift, and go to state 3
    TOKEN_ISNIL       shift, and go to state 4
    TOKEN_HD          shift, and go to state 5
    TOKEN_TL          shift, and go to state 6
    TOKEN_NIL         shift, and go to state 7
    TOKEN_LET         shift, and go to state 8
    TOKEN_IDENTIFIER  shift, and go to state 9
    TOKEN_INT         shift, and go to state 10
    TOKEN_LPAREN      shift, and go to state 11
    TOKEN_IF          shift, and go to state 12
    TOKEN_LAMBDA      shift, and go to state 13
    TOKEN_FUN         shift, and go to state 14
    TOKEN_STRING      shift, and go to state 15
    TOKEN_ERROR       shift, and go to state 16

    expression  go to state 55
    identifier  go to state 19


state 36

    9 expression: expression TOKEN_AND . expression @1 expression TOKEN_OR expression @2 expression TOKEN_MINUS expression

    TOKEN_READSTRING  shift, and go to state 1
    TOKEN_READINT     shift, and go to state 2
    TOKEN_PRINT       shift, and go to state 3
    TOKEN_ISNIL       shift, and go to state 4
    TOKEN_HD          shift, and go to state 5
    TOKEN_TL          shift, and go to state 6
    TOKEN_NIL         shift, and go to state 7
    TOKEN_LET         shift, and go to state 8
    TOKEN_IDENTIFIER  shift, and go to state 9
    TOKEN_INT         shift, and go to state 10
    TOKEN_LPAREN      shift, and go to state 11
    TOKEN_IF          shift, and go to state 12
    TOKEN_LAMBDA      shift, and go to state 13
    TOKEN_FUN         shift, and go to state 14
    TOKEN_STRING      shift, and go to state 15
    TOKEN_ERROR       shift, and go to state 16

    expression  go to state 56
    identifier  go to state 19


state 37

   12 expression: expression TOKEN_EQ . expression

    TOKEN_READSTRING  shift, and go to state 1
    TOKEN_READINT     shift, and go to state 2
    TOKEN_PRINT       shift, and go to state 3
    TOKEN_ISNIL       shift, and go to state 4
    TOKEN_HD          shift, and go to state 5
    TOKEN_TL          shift, and go to state 6
    TOKEN_NIL         shift, and go to state 7
    TOKEN_LET         shift, and go to state 8
    TOKEN_IDENTIFIER  shift, and go to state 9
    TOKEN_INT         shift, and go to state 10
    TOKEN_LPAREN      shift, and go to state 11
    TOKEN_IF          shift, and go to state 12
    TOKEN_LAMBDA      shift, and go to state 13
    TOKEN_FUN         shift, and go to state 14
    TOKEN_STRING      shift, and go to state 15
    TOKEN_ERROR       shift, and go to state 16

    expression  go to state 57
    identifier  go to state 19


state 38

   13 expression: expression TOKEN_NEQ . expression

    TOKEN_READSTRING  shift, and go to state 1
    TOKEN_READINT     shift, and go to state 2
    TOKEN_PRINT       shift, and go to state 3
    TOKEN_ISNIL       shift, and go to state 4
    TOKEN_HD          shift, and go to state 5
    TOKEN_TL          shift, and go to state 6
    TOKEN_NIL         shift, and go to state 7
    TOKEN_LET         shift, and go to state 8
    TOKEN_IDENTIFIER  shift, and go to state 9
    TOKEN_INT         shift, and go to state 10
    TOKEN_LPAREN      shift, and go to state 11
    TOKEN_IF          shift, and go to state 12
    TOKEN_LAMBDA      shift, and go to state 13
    TOKEN_FUN         shift, and go to state 14
    TOKEN_STRING      shift, and go to state 15
    TOKEN_ERROR       shift, and go to state 16

    expression  go to state 58
    identifier  go to state 19


state 39

   16 expression: expression TOKEN_GT . expression

    TOKEN_READSTRING  shift, and go to state 1
    TOKEN_READINT     shift, and go to state 2
    TOKEN_PRINT       shift, and go to state 3
    TOKEN_ISNIL       shift, and go to state 4
    TOKEN_HD          shift, and go to state 5
    TOKEN_TL          shift, and go to state 6
    TOKEN_NIL         shift, and go to state 7
    TOKEN_LET         shift, and go to state 8
    TOKEN_IDENTIFIER  shift, and go to state 9
    TOKEN_INT         shift, and go to state 10
    TOKEN_LPAREN      shift, and go to state 11
    TOKEN_IF          shift, and go to state 12
    TOKEN_LAMBDA      shift, and go to state 13
    TOKEN_FUN         shift, and go to state 14
    TOKEN_STRING      shift, and go to state 15
    TOKEN_ERROR       shift, and go to state 16

    expression  go to state 59
    identifier  go to state 19


state 40

   17 expression: expression TOKEN_GEQ . expression

    TOKEN_READSTRING  shift, and go to state 1
    TOKEN_READINT     shift, and go to state 2
    TOKEN_PRINT       shift, and go to state 3
    TOKEN_ISNIL       shift, and go to state 4
    TOKEN_HD          shift, and go to state 5
    TOKEN_TL          shift, and go to state 6
    TOKEN_NIL         shift, and go to state 7
    TOKEN_LET         shift, and go to state 8
    TOKEN_IDENTIFIER  shift, and go to state 9
    TOKEN_INT         shift, and go to state 10
    TOKEN_LPAREN      shift, and go to state 11
    TOKEN_IF          shift, and go to state 12
    TOKEN_LAMBDA      shift, and go to state 13
    TOKEN_FUN         shift, and go to state 14
    TOKEN_STRING      shift, and go to state 15
    TOKEN_ERROR       shift, and go to state 16

    expression  go to state 60
    identifier  go to state 19


state 41

   14 expression: expression TOKEN_LT . expression

    TOKEN_READSTRING  shift, and go to state 1
    TOKEN_READINT     shift, and go to state 2
    TOKEN_PRINT       shift, and go to state 3
    TOKEN_ISNIL       shift, and go to state 4
    TOKEN_HD          shift, and go to state 5
    TOKEN_TL          shift, and go to state 6
    TOKEN_NIL         shift, and go to state 7
    TOKEN_LET         shift, and go to state 8
    TOKEN_IDENTIFIER  shift, and go to state 9
    TOKEN_INT         shift, and go to state 10
    TOKEN_LPAREN      shift, and go to state 11
    TOKEN_IF          shift, and go to state 12
    TOKEN_LAMBDA      shift, and go to state 13
    TOKEN_FUN         shift, and go to state 14
    TOKEN_STRING      shift, and go to state 15
    TOKEN_ERROR       shift, and go to state 16

    expression  go to state 61
    identifier  go to state 19


state 42

   15 expression: expression TOKEN_LEQ . expression

    TOKEN_READSTRING  shift, and go to state 1
    TOKEN_READINT     shift, and go to state 2
    TOKEN_PRINT       shift, and go to state 3
    TOKEN_ISNIL       shift, and go to state 4
    TOKEN_HD          shift, and go to state 5
    TOKEN_TL          shift, and go to state 6
    TOKEN_NIL         shift, and go to state 7
    TOKEN_LET         shift, and go to state 8
    TOKEN_IDENTIFIER  shift, and go to state 9
    TOKEN_INT         shift, and go to state 10
    TOKEN_LPAREN      shift, and go to state 11
    TOKEN_IF          shift, and go to state 12
    TOKEN_LAMBDA      shift, and go to state 13
    TOKEN_FUN         shift, and go to state 14
    TOKEN_STRING      shift, and go to state 15
    TOKEN_ERROR       shift, and go to state 16

    expression  go to state 62
    identifier  go to state 19


state 43

    2 expression: TOKEN_LET identifier TOKEN_EQ . expression TOKEN_IN expression

    TOKEN_READSTRING  shift, and go to state 1
    TOKEN_READINT     shift, and go to state 2
    TOKEN_PRINT       shift, and go to state 3
    TOKEN_ISNIL       shift, and go to state 4
    TOKEN_HD          shift, and go to state 5
    TOKEN_TL          shift, and go to state 6
    TOKEN_NIL         shift, and go to state 7
    TOKEN_LET         shift, and go to state 8
    TOKEN_IDENTIFIER  shift, and go to state 9
    TOKEN_INT         shift, and go to state 10
    TOKEN_LPAREN      shift, and go to state 11
    TOKEN_IF          shift, and go to state 12
    TOKEN_LAMBDA      shift, and go to state 13
    TOKEN_FUN         shift, and go to state 14
    TOKEN_STRING      shift, and go to state 15
    TOKEN_ERROR       shift, and go to state 16

    expression  go to state 63
    identifier  go to state 19


state 44

   30 expression: TOKEN_LPAREN expression TOKEN_RPAREN .

    $default  reduce using rule 30 (expression)


state 45

    6 expression: expression . TOKEN_PLUS expression
    9           | expression . TOKEN_AND expression @1 expression TOKEN_OR expression @2 expression TOKEN_MINUS expression
   10           | expression . TOKEN_TIMES expression
   11           | expression . TOKEN_DIVIDE expression
   12           | expression . TOKEN_EQ expression
   13           | expression . TOKEN_NEQ expression
   14           | expression . TOKEN_LT expression
   15           | expression . TOKEN_LEQ expression
   16           | expression . TOKEN_GT expression
   17           | expression . TOKEN_GEQ expression
   26           | expression . TOKEN_CONS expression
   32 expression_application: expression expression .

    TOKEN_CONS    shift, and go to state 32
    TOKEN_PLUS    shift, and go to state 33
    TOKEN_TIMES   shift, and go to state 34
    TOKEN_DIVIDE  shift, and go to state 35
    TOKEN_AND     shift, and go to state 36
    TOKEN_EQ      shift, and go to state 37
    TOKEN_NEQ     shift, and go to state 38
    TOKEN_GT      shift, and go to state 39
    TOKEN_GEQ     shift, and go to state 40
    TOKEN_LT      shift, and go to state 41
    TOKEN_LEQ     shift, and go to state 42

    $default  reduce using rule 32 (expression_application)


state 46

   20 expression: TOKEN_LPAREN expression_application TOKEN_RPAREN .

    $default  reduce using rule 20 (expression)


state 47

    6 expression: expression . TOKEN_PLUS expression
    9           | expression . TOKEN_AND expression @1 expression TOKEN_OR expression @2 expression TOKEN_MINUS expression
   10           | expression . TOKEN_TIMES expression
   11           | expression . TOKEN_DIVIDE expression
   12           | expression . TOKEN_EQ expression
   13           | expression . TOKEN_NEQ expression
   14           | expression . TOKEN_LT expression
   15           | expression . TOKEN_LEQ expression
   16           | expression . TOKEN_GT expression
   17           | expression . TOKEN_GEQ expression
   26           | expression . TOKEN_CONS expression
   33 expression_application: expression_application expression .

    TOKEN_CONS    shift, and go to state 32
    TOKEN_PLUS    shift, and go to state 33
    TOKEN_TIMES   shift, and go to state 34
    TOKEN_DIVIDE  shift, and go to state 35
    TOKEN_AND     shift, and go to state 36
    TOKEN_EQ      shift, and go to state 37
    TOKEN_NEQ     shift, and go to state 38
    TOKEN_GT      shift, and go to state 39
    TOKEN_GEQ     shift, and go to state 40
    TOKEN_LT      shift, and go to state 41
    TOKEN_LEQ     shift, and go to state 42

    $default  reduce using rule 33 (expression_application)


state 48

    5 expression: TOKEN_IF expression TOKEN_THEN . expression TOKEN_ELSE expression

    TOKEN_READSTRING  shift, and go to state 1
    TOKEN_READINT     shift, and go to state 2
    TOKEN_PRINT       shift, and go to state 3
    TOKEN_ISNIL       shift, and go to state 4
    TOKEN_HD          shift, and go to state 5
    TOKEN_TL          shift, and go to state 6
    TOKEN_NIL         shift, and go to state 7
    TOKEN_LET         shift, and go to state 8
    TOKEN_IDENTIFIER  shift, and go to state 9
    TOKEN_INT         shift, and go to state 10
    TOKEN_LPAREN      shift, and go to state 11
    TOKEN_IF          shift, and go to state 12
    TOKEN_LAMBDA      shift, and go to state 13
    TOKEN_FUN         shift, and go to state 14
    TOKEN_STRING      shift, and go to state 15
    TOKEN_ERROR       shift, and go to state 16

    expression  go to state 64
    identifier  go to state 19


state 49

    4 expression: TOKEN_LAMBDA identifier_list TOKEN_DOT . expression

    TOKEN_READSTRING  shift, and go to state 1
    TOKEN_READINT     shift, and go to state 2
    TOKEN_PRINT       shift, and go to state 3
    TOKEN_ISNIL       shift, and go to state 4
    TOKEN_HD          shift, and go to state 5
    TOKEN_TL          shift, and go to state 6
    TOKEN_NIL         shift, and go to state 7
    TOKEN_LET         shift, and go to state 8
    TOKEN_IDENTIFIER  shift, and go to state 9
    TOKEN_INT         shift, and go to state 10
    TOKEN_LPAREN      shift, and go to state 11
    TOKEN_IF          shift, and go to state 12
    TOKEN_LAMBDA      shift, and go to state 13
    TOKEN_FUN         shift, and go to state 14
    TOKEN_STRING      shift, and go to state 15
    TOKEN_ERROR       shift, and go to state 16

    expression  go to state 65
    identifier  go to state 19


state 50

   35 identifier_list: identifier TOKEN_COMMA . identifier_list

    TOKEN_IDENTIFIER  shift, and go to state 9

    identifier_list  go to state 66
    identifier       go to state 29


state 51

    3 expression: TOKEN_FUN identifier TOKEN_WITH . identifier_list TOKEN_EQ expression TOKEN_IN expression

    TOKEN_IDENTIFIER  shift, and go to state 9

    identifier_list  go to state 67
    identifier       go to state 29


state 52

    6 expression: expression . TOKEN_PLUS expression
    9           | expression . TOKEN_AND expression @1 expression TOKEN_OR expression @2 expression TOKEN_MINUS expression
   10           | expression . TOKEN_TIMES expression
   11           | expression . TOKEN_DIVIDE expression
   12           | expression . TOKEN_EQ expression
   13           | expression . TOKEN_NEQ expression
   14           | expression . TOKEN_LT expression
   15           | expression . TOKEN_LEQ expression
   16           | expression . TOKEN_GT expression
   17           | expression . TOKEN_GEQ expression
   26           | expression . TOKEN_CONS expression
   26           | expression TOKEN_CONS expression .

    TOKEN_CONS    shift, and go to state 32
    TOKEN_PLUS    shift, and go to state 33
    TOKEN_TIMES   shift, and go to state 34
    TOKEN_DIVIDE  shift, and go to state 35
    TOKEN_AND     shift, and go to state 36
    TOKEN_EQ      shift, and go to state 37
    TOKEN_NEQ     shift, and go to state 38
    TOKEN_GT      shift, and go to state 39
    TOKEN_GEQ     shift, and go to state 40
    TOKEN_LT      shift, and go to state 41
    TOKEN_LEQ     shift, and go to state 42

    TOKEN_CONS    [reduce using rule 26 (expression)]
    TOKEN_PLUS    [reduce using rule 26 (expression)]
    TOKEN_TIMES   [reduce using rule 26 (expression)]
    TOKEN_DIVIDE  [reduce using rule 26 (expression)]
    TOKEN_AND     [reduce using rule 26 (expression)]
    TOKEN_EQ      [reduce using rule 26 (expression)]
    TOKEN_NEQ     [reduce using rule 26 (expression)]
    TOKEN_GT      [reduce using rule 26 (expression)]
    TOKEN_GEQ     [reduce using rule 26 (expression)]
    TOKEN_LT      [reduce using rule 26 (expression)]
    TOKEN_LEQ     [reduce using rule 26 (expression)]
    $default      reduce using rule 26 (expression)


state 53

    6 expression: expression . TOKEN_PLUS expression
    6           | expression TOKEN_PLUS expression .
    9           | expression . TOKEN_AND expression @1 expression TOKEN_OR expression @2 expression TOKEN_MINUS expression
   10           | expression . TOKEN_TIMES expression
   11           | expression . TOKEN_DIVIDE expression
   12           | expression . TOKEN_EQ expression
   13           | expression . TOKEN_NEQ expression
   14           | expression . TOKEN_LT expression
   15           | expression . TOKEN_LEQ expression
   16           | expression . TOKEN_GT expression
   17           | expression . TOKEN_GEQ expression
   26           | expression . TOKEN_CONS expression

    TOKEN_CONS    shift, and go to state 32
    TOKEN_TIMES   shift, and go to state 34
    TOKEN_DIVIDE  shift, and go to state 35
    TOKEN_AND     shift, and go to state 36
    TOKEN_EQ      shift, and go to state 37
    TOKEN_NEQ     shift, and go to state 38
    TOKEN_GT      shift, and go to state 39
    TOKEN_GEQ     shift, and go to state 40
    TOKEN_LT      shift, and go to state 41
    TOKEN_LEQ     shift, and go to state 42

    TOKEN_CONS    [reduce using rule 6 (expression)]
    TOKEN_DIVIDE  [reduce using rule 6 (expression)]
    TOKEN_AND     [reduce using rule 6 (expression)]
    TOKEN_EQ      [reduce using rule 6 (expression)]
    TOKEN_NEQ     [reduce using rule 6 (expression)]
    TOKEN_GT      [reduce using rule 6 (expression)]
    TOKEN_GEQ     [reduce using rule 6 (expression)]
    TOKEN_LT      [reduce using rule 6 (expression)]
    TOKEN_LEQ     [reduce using rule 6 (expression)]
    $default      reduce using rule 6 (expression)


state 54

    6 expression: expression . TOKEN_PLUS expression
    9           | expression . TOKEN_AND expression @1 expression TOKEN_OR expression @2 expression TOKEN_MINUS expression
   10           | expression . TOKEN_TIMES expression
   10           | expression TOKEN_TIMES expression .
   11           | expression . TOKEN_DIVIDE expression
   12           | expression . TOKEN_EQ expression
   13           | expression . TOKEN_NEQ expression
   14           | expression . TOKEN_LT expression
   15           | expression . TOKEN_LEQ expression
   16           | expression . TOKEN_GT expression
   17           | expression . TOKEN_GEQ expression
   26           | expression . TOKEN_CONS expression

    TOKEN_CONS    shift, and go to state 32
    TOKEN_DIVIDE  shift, and go to state 35
    TOKEN_AND     shift, and go to state 36
    TOKEN_EQ      shift, and go to state 37
    TOKEN_NEQ     shift, and go to state 38
    TOKEN_GT      shift, and go to state 39
    TOKEN_GEQ     shift, and go to state 40
    TOKEN_LT      shift, and go to state 41
    TOKEN_LEQ     shift, and go to state 42

    TOKEN_CONS    [reduce using rule 10 (expression)]
    TOKEN_DIVIDE  [reduce using rule 10 (expression)]
    TOKEN_AND     [reduce using rule 10 (expression)]
    TOKEN_EQ      [reduce using rule 10 (expression)]
    TOKEN_NEQ     [reduce using rule 10 (expression)]
    TOKEN_GT      [reduce using rule 10 (expression)]
    TOKEN_GEQ     [reduce using rule 10 (expression)]
    TOKEN_LT      [reduce using rule 10 (expression)]
    TOKEN_LEQ     [reduce using rule 10 (expression)]
    $default      reduce using rule 10 (expression)


state 55

    6 expression: expression . TOKEN_PLUS expression
    9           | expression . TOKEN_AND expression @1 expression TOKEN_OR expression @2 expression TOKEN_MINUS expression
   10           | expression . TOKEN_TIMES expression
   11           | expression . TOKEN_DIVIDE expression
   11           | expression TOKEN_DIVIDE expression .
   12           | expression . TOKEN_EQ expression
   13           | expression . TOKEN_NEQ expression
   14           | expression . TOKEN_LT expression
   15           | expression . TOKEN_LEQ expression
   16           | expression . TOKEN_GT expression
   17           | expression . TOKEN_GEQ expression
   26           | expression . TOKEN_CONS expression

    TOKEN_CONS    shift, and go to state 32
    TOKEN_PLUS    shift, and go to state 33
    TOKEN_TIMES   shift, and go to state 34
    TOKEN_DIVIDE  shift, and go to state 35
    TOKEN_AND     shift, and go to state 36
    TOKEN_EQ      shift, and go to state 37
    TOKEN_NEQ     shift, and go to state 38
    TOKEN_GT      shift, and go to state 39
    TOKEN_GEQ     shift, and go to state 40
    TOKEN_LT      shift, and go to state 41
    TOKEN_LEQ     shift, and go to state 42

    TOKEN_CONS    [reduce using rule 11 (expression)]
    TOKEN_PLUS    [reduce using rule 11 (expression)]
    TOKEN_TIMES   [reduce using rule 11 (expression)]
    TOKEN_DIVIDE  [reduce using rule 11 (expression)]
    TOKEN_AND     [reduce using rule 11 (expression)]
    TOKEN_EQ      [reduce using rule 11 (expression)]
    TOKEN_NEQ     [reduce using rule 11 (expression)]
    TOKEN_GT      [reduce using rule 11 (expression)]
    TOKEN_GEQ     [reduce using rule 11 (expression)]
    TOKEN_LT      [reduce using rule 11 (expression)]
    TOKEN_LEQ     [reduce using rule 11 (expression)]
    $default      reduce using rule 11 (expression)


state 56

    6 expression: expression . TOKEN_PLUS expression
    9           | expression . TOKEN_AND expression @1 expression TOKEN_OR expression @2 expression TOKEN_MINUS expression
    9           | expression TOKEN_AND expression . @1 expression TOKEN_OR expression @2 expression TOKEN_MINUS expression
   10           | expression . TOKEN_TIMES expression
   11           | expression . TOKEN_DIVIDE expression
   12           | expression . TOKEN_EQ expression
   13           | expression . TOKEN_NEQ expression
   14           | expression . TOKEN_LT expression
   15           | expression . TOKEN_LEQ expression
   16           | expression . TOKEN_GT expression
   17           | expression . TOKEN_GEQ expression
   26           | expression . TOKEN_CONS expression

    TOKEN_CONS    shift, and go to state 32
    TOKEN_PLUS    shift, and go to state 33
    TOKEN_TIMES   shift, and go to state 34
    TOKEN_DIVIDE  shift, and go to state 35
    TOKEN_AND     shift, and go to state 36
    TOKEN_EQ      shift, and go to state 37
    TOKEN_NEQ     shift, and go to state 38
    TOKEN_GT      shift, and go to state 39
    TOKEN_GEQ     shift, and go to state 40
    TOKEN_LT      shift, and go to state 41
    TOKEN_LEQ     shift, and go to state 42

    $default  reduce using rule 7 (@1)

    @1  go to state 68


state 57

    6 expression: expression . TOKEN_PLUS expression
    9           | expression . TOKEN_AND expression @1 expression TOKEN_OR expression @2 expression TOKEN_MINUS expression
   10           | expression . TOKEN_TIMES expression
   11           | expression . TOKEN_DIVIDE expression
   12           | expression . TOKEN_EQ expression
   12           | expression TOKEN_EQ expression .
   13           | expression . TOKEN_NEQ expression
   14           | expression . TOKEN_LT expression
   15           | expression . TOKEN_LEQ expression
   16           | expression . TOKEN_GT expression
   17           | expression . TOKEN_GEQ expression
   26           | expression . TOKEN_CONS expression

    TOKEN_CONS    shift, and go to state 32
    TOKEN_PLUS    shift, and go to state 33
    TOKEN_TIMES   shift, and go to state 34
    TOKEN_DIVIDE  shift, and go to state 35
    TOKEN_AND     shift, and go to state 36
    TOKEN_EQ      shift, and go to state 37
    TOKEN_NEQ     shift, and go to state 38
    TOKEN_GT      shift, and go to state 39
    TOKEN_GEQ     shift, and go to state 40
    TOKEN_LT      shift, and go to state 41
    TOKEN_LEQ     shift, and go to state 42

    TOKEN_CONS    [reduce using rule 12 (expression)]
    TOKEN_PLUS    [reduce using rule 12 (expression)]
    TOKEN_TIMES   [reduce using rule 12 (expression)]
    TOKEN_DIVIDE  [reduce using rule 12 (expression)]
    TOKEN_AND     [reduce using rule 12 (expression)]
    TOKEN_EQ      [reduce using rule 12 (expression)]
    TOKEN_NEQ     [reduce using rule 12 (expression)]
    TOKEN_GT      [reduce using rule 12 (expression)]
    TOKEN_GEQ     [reduce using rule 12 (expression)]
    TOKEN_LT      [reduce using rule 12 (expression)]
    TOKEN_LEQ     [reduce using rule 12 (expression)]
    $default      reduce using rule 12 (expression)


state 58

    6 expression: expression . TOKEN_PLUS expression
    9           | expression . TOKEN_AND expression @1 expression TOKEN_OR expression @2 expression TOKEN_MINUS expression
   10           | expression . TOKEN_TIMES expression
   11           | expression . TOKEN_DIVIDE expression
   12           | expression . TOKEN_EQ expression
   13           | expression . TOKEN_NEQ expression
   13           | expression TOKEN_NEQ expression .
   14           | expression . TOKEN_LT expression
   15           | expression . TOKEN_LEQ expression
   16           | expression . TOKEN_GT expression
   17           | expression . TOKEN_GEQ expression
   26           | expression . TOKEN_CONS expression

    TOKEN_CONS    shift, and go to state 32
    TOKEN_PLUS    shift, and go to state 33
    TOKEN_TIMES   shift, and go to state 34
    TOKEN_DIVIDE  shift, and go to state 35
    TOKEN_AND     shift, and go to state 36
    TOKEN_EQ      shift, and go to state 37
    TOKEN_NEQ     shift, and go to state 38
    TOKEN_GT      shift, and go to state 39
    TOKEN_GEQ     shift, and go to state 40
    TOKEN_LT      shift, and go to state 41
    TOKEN_LEQ     shift, and go to state 42

    TOKEN_CONS    [reduce using rule 13 (expression)]
    TOKEN_PLUS    [reduce using rule 13 (expression)]
    TOKEN_TIMES   [reduce using rule 13 (expression)]
    TOKEN_DIVIDE  [reduce using rule 13 (expression)]
    TOKEN_AND     [reduce using rule 13 (expression)]
    TOKEN_EQ      [reduce using rule 13 (expression)]
    TOKEN_NEQ     [reduce using rule 13 (expression)]
    TOKEN_GT      [reduce using rule 13 (expression)]
    TOKEN_GEQ     [reduce using rule 13 (expression)]
    TOKEN_LT      [reduce using rule 13 (expression)]
    TOKEN_LEQ     [reduce using rule 13 (expression)]
    $default      reduce using rule 13 (expression)


state 59

    6 expression: expression . TOKEN_PLUS expression
    9           | expression . TOKEN_AND expression @1 expression TOKEN_OR expression @2 expression TOKEN_MINUS expression
   10           | expression . TOKEN_TIMES expression
   11           | expression . TOKEN_DIVIDE expression
   12           | expression . TOKEN_EQ expression
   13           | expression . TOKEN_NEQ expression
   14           | expression . TOKEN_LT expression
   15           | expression . TOKEN_LEQ expression
   16           | expression . TOKEN_GT expression
   16           | expression TOKEN_GT expression .
   17           | expression . TOKEN_GEQ expression
   26           | expression . TOKEN_CONS expression

    TOKEN_CONS    shift, and go to state 32
    TOKEN_PLUS    shift, and go to state 33
    TOKEN_TIMES   shift, and go to state 34
    TOKEN_DIVIDE  shift, and go to state 35
    TOKEN_AND     shift, and go to state 36
    TOKEN_EQ      shift, and go to state 37
    TOKEN_NEQ     shift, and go to state 38
    TOKEN_GT      shift, and go to state 39
    TOKEN_GEQ     shift, and go to state 40
    TOKEN_LT      shift, and go to state 41
    TOKEN_LEQ     shift, and go to state 42

    TOKEN_CONS    [reduce using rule 16 (expression)]
    TOKEN_PLUS    [reduce using rule 16 (expression)]
    TOKEN_TIMES   [reduce using rule 16 (expression)]
    TOKEN_DIVIDE  [reduce using rule 16 (expression)]
    TOKEN_AND     [reduce using rule 16 (expression)]
    TOKEN_EQ      [reduce using rule 16 (expression)]
    TOKEN_NEQ     [reduce using rule 16 (expression)]
    TOKEN_GT      [reduce using rule 16 (expression)]
    TOKEN_GEQ     [reduce using rule 16 (expression)]
    TOKEN_LT      [reduce using rule 16 (expression)]
    TOKEN_LEQ     [reduce using rule 16 (expression)]
    $default      reduce using rule 16 (expression)


state 60

    6 expression: expression . TOKEN_PLUS expression
    9           | expression . TOKEN_AND expression @1 expression TOKEN_OR expression @2 expression TOKEN_MINUS expression
   10           | expression . TOKEN_TIMES expression
   11           | expression . TOKEN_DIVIDE expression
   12           | expression . TOKEN_EQ expression
   13           | expression . TOKEN_NEQ expression
   14           | expression . TOKEN_LT expression
   15           | expression . TOKEN_LEQ expression
   16           | expression . TOKEN_GT expression
   17           | expression . TOKEN_GEQ expression
   17           | expression TOKEN_GEQ expression .
   26           | expression . TOKEN_CONS expression

    TOKEN_CONS    shift, and go to state 32
    TOKEN_PLUS    shift, and go to state 33
    TOKEN_TIMES   shift, and go to state 34
    TOKEN_DIVIDE  shift, and go to state 35
    TOKEN_AND     shift, and go to state 36
    TOKEN_EQ      shift, and go to state 37
    TOKEN_NEQ     shift, and go to state 38
    TOKEN_GT      shift, and go to state 39
    TOKEN_GEQ     shift, and go to state 40
    TOKEN_LT      shift, and go to state 41
    TOKEN_LEQ     shift, and go to state 42

    TOKEN_CONS    [reduce using rule 17 (expression)]
    TOKEN_PLUS    [reduce using rule 17 (expression)]
    TOKEN_TIMES   [reduce using rule 17 (expression)]
    TOKEN_DIVIDE  [reduce using rule 17 (expression)]
    TOKEN_AND     [reduce using rule 17 (expression)]
    TOKEN_EQ      [reduce using rule 17 (expression)]
    TOKEN_NEQ     [reduce using rule 17 (expression)]
    TOKEN_GT      [reduce using rule 17 (expression)]
    TOKEN_GEQ     [reduce using rule 17 (expression)]
    TOKEN_LT      [reduce using rule 17 (expression)]
    TOKEN_LEQ     [reduce using rule 17 (expression)]
    $default      reduce using rule 17 (expression)


state 61

    6 expression: expression . TOKEN_PLUS expression
    9           | expression . TOKEN_AND expression @1 expression TOKEN_OR expression @2 expression TOKEN_MINUS expression
   10           | expression . TOKEN_TIMES expression
   11           | expression . TOKEN_DIVIDE expression
   12           | expression . TOKEN_EQ expression
   13           | expression . TOKEN_NEQ expression
   14           | expression . TOKEN_LT expression
   14           | expression TOKEN_LT expression .
   15           | expression . TOKEN_LEQ expression
   16           | expression . TOKEN_GT expression
   17           | expression . TOKEN_GEQ expression
   26           | expression . TOKEN_CONS expression

    TOKEN_CONS    shift, and go to state 32
    TOKEN_PLUS    shift, and go to state 33
    TOKEN_TIMES   shift, and go to state 34
    TOKEN_DIVIDE  shift, and go to state 35
    TOKEN_AND     shift, and go to state 36
    TOKEN_EQ      shift, and go to state 37
    TOKEN_NEQ     shift, and go to state 38
    TOKEN_GT      shift, and go to state 39
    TOKEN_GEQ     shift, and go to state 40
    TOKEN_LT      shift, and go to state 41
    TOKEN_LEQ     shift, and go to state 42

    TOKEN_CONS    [reduce using rule 14 (expression)]
    TOKEN_PLUS    [reduce using rule 14 (expression)]
    TOKEN_TIMES   [reduce using rule 14 (expression)]
    TOKEN_DIVIDE  [reduce using rule 14 (expression)]
    TOKEN_AND     [reduce using rule 14 (expression)]
    TOKEN_EQ      [reduce using rule 14 (expression)]
    TOKEN_NEQ     [reduce using rule 14 (expression)]
    TOKEN_GT      [reduce using rule 14 (expression)]
    TOKEN_GEQ     [reduce using rule 14 (expression)]
    TOKEN_LT      [reduce using rule 14 (expression)]
    TOKEN_LEQ     [reduce using rule 14 (expression)]
    $default      reduce using rule 14 (expression)


state 62

    6 expression: expression . TOKEN_PLUS expression
    9           | expression . TOKEN_AND expression @1 expression TOKEN_OR expression @2 expression TOKEN_MINUS expression
   10           | expression . TOKEN_TIMES expression
   11           | expression . TOKEN_DIVIDE expression
   12           | expression . TOKEN_EQ expression
   13           | expression . TOKEN_NEQ expression
   14           | expression . TOKEN_LT expression
   15           | expression . TOKEN_LEQ expression
   15           | expression TOKEN_LEQ expression .
   16           | expression . TOKEN_GT expression
   17           | expression . TOKEN_GEQ expression
   26           | expression . TOKEN_CONS expression

    TOKEN_CONS    shift, and go to state 32
    TOKEN_PLUS    shift, and go to state 33
    TOKEN_TIMES   shift, and go to state 34
    TOKEN_DIVIDE  shift, and go to state 35
    TOKEN_AND     shift, and go to state 36
    TOKEN_EQ      shift, and go to state 37
    TOKEN_NEQ     shift, and go to state 38
    TOKEN_GT      shift, and go to state 39
    TOKEN_GEQ     shift, and go to state 40
    TOKEN_LT      shift, and go to state 41
    TOKEN_LEQ     shift, and go to state 42

    TOKEN_CONS    [reduce using rule 15 (expression)]
    TOKEN_PLUS    [reduce using rule 15 (expression)]
    TOKEN_TIMES   [reduce using rule 15 (expression)]
    TOKEN_DIVIDE  [reduce using rule 15 (expression)]
    TOKEN_AND     [reduce using rule 15 (expression)]
    TOKEN_EQ      [reduce using rule 15 (expression)]
    TOKEN_NEQ     [reduce using rule 15 (expression)]
    TOKEN_GT      [reduce using rule 15 (expression)]
    TOKEN_GEQ     [reduce using rule 15 (expression)]
    TOKEN_LT      [reduce using rule 15 (expression)]
    TOKEN_LEQ     [reduce using rule 15 (expression)]
    $default      reduce using rule 15 (expression)


state 63

    2 expression: TOKEN_LET identifier TOKEN_EQ expression . TOKEN_IN expression
    6           | expression . TOKEN_PLUS expression
    9           | expression . TOKEN_AND expression @1 expression TOKEN_OR expression @2 expression TOKEN_MINUS expression
   10           | expression . TOKEN_TIMES expression
   11           | expression . TOKEN_DIVIDE expression
   12           | expression . TOKEN_EQ expression
   13           | expression . TOKEN_NEQ expression
   14           | expression . TOKEN_LT expression
   15           | expression . TOKEN_LEQ expression
   16           | expression . TOKEN_GT expression
   17           | expression . TOKEN_GEQ expression
   26           | expression . TOKEN_CONS expression

    TOKEN_CONS    shift, and go to state 32
    TOKEN_PLUS    shift, and go to state 33
    TOKEN_TIMES   shift, and go to state 34
    TOKEN_DIVIDE  shift, and go to state 35
    TOKEN_AND     shift, and go to state 36
    TOKEN_EQ      shift, and go to state 37
    TOKEN_NEQ     shift, and go to state 38
    TOKEN_GT      shift, and go to state 39
    TOKEN_GEQ     shift, and go to state 40
    TOKEN_LT      shift, and go to state 41
    TOKEN_LEQ     shift, and go to state 42
    TOKEN_IN      shift, and go to state 69


state 64

    5 expression: TOKEN_IF expression TOKEN_THEN expression . TOKEN_ELSE expression
    6           | expression . TOKEN_PLUS expression
    9           | expression . TOKEN_AND expression @1 expression TOKEN_OR expression @2 expression TOKEN_MINUS expression
   10           | expression . TOKEN_TIMES expression
   11           | expression . TOKEN_DIVIDE expression
   12           | expression . TOKEN_EQ expression
   13           | expression . TOKEN_NEQ expression
   14           | expression . TOKEN_LT expression
   15           | expression . TOKEN_LEQ expression
   16           | expression . TOKEN_GT expression
   17           | expression . TOKEN_GEQ expression
   26           | expression . TOKEN_CONS expression

    TOKEN_CONS    shift, and go to state 32
    TOKEN_PLUS    shift, and go to state 33
    TOKEN_TIMES   shift, and go to state 34
    TOKEN_DIVIDE  shift, and go to state 35
    TOKEN_AND     shift, and go to state 36
    TOKEN_EQ      shift, and go to state 37
    TOKEN_NEQ     shift, and go to state 38
    TOKEN_GT      shift, and go to state 39
    TOKEN_GEQ     shift, and go to state 40
    TOKEN_LT      shift, and go to state 41
    TOKEN_LEQ     shift, and go to state 42
    TOKEN_ELSE    shift, and go to state 70


state 65

    4 expression: TOKEN_LAMBDA identifier_list TOKEN_DOT expression .
    6           | expression . TOKEN_PLUS expression
    9           | expression . TOKEN_AND expression @1 expression TOKEN_OR expression @2 expression TOKEN_MINUS expression
   10           | expression . TOKEN_TIMES expression
   11           | expression . TOKEN_DIVIDE expression
   12           | expression . TOKEN_EQ expression
   13           | expression . TOKEN_NEQ expression
   14           | expression . TOKEN_LT expression
   15           | expression . TOKEN_LEQ expression
   16           | expression . TOKEN_GT expression
   17           | expression . TOKEN_GEQ expression
   26           | expression . TOKEN_CONS expression

    TOKEN_CONS    shift, and go to state 32
    TOKEN_PLUS    shift, and go to state 33
    TOKEN_TIMES   shift, and go to state 34
    TOKEN_DIVIDE  shift, and go to state 35
    TOKEN_AND     shift, and go to state 36
    TOKEN_EQ      shift, and go to state 37
    TOKEN_NEQ     shift, and go to state 38
    TOKEN_GT      shift, and go to state 39
    TOKEN_GEQ     shift, and go to state 40
    TOKEN_LT      shift, and go to state 41
    TOKEN_LEQ     shift, and go to state 42

    TOKEN_CONS    [reduce using rule 4 (expression)]
    TOKEN_PLUS    [reduce using rule 4 (expression)]
    TOKEN_TIMES   [reduce using rule 4 (expression)]
    TOKEN_DIVIDE  [reduce using rule 4 (expression)]
    TOKEN_AND     [reduce using rule 4 (expression)]
    TOKEN_EQ      [reduce using rule 4 (expression)]
    TOKEN_NEQ     [reduce using rule 4 (expression)]
    TOKEN_GT      [reduce using rule 4 (expression)]
    TOKEN_GEQ     [reduce using rule 4 (expression)]
    TOKEN_LT      [reduce using rule 4 (expression)]
    TOKEN_LEQ     [reduce using rule 4 (expression)]
    $default      reduce using rule 4 (expression)


state 66

   35 identifier_list: identifier TOKEN_COMMA identifier_list .

    $default  reduce using rule 35 (identifier_list)


state 67

    3 expression: TOKEN_FUN identifier TOKEN_WITH identifier_list . TOKEN_EQ expression TOKEN_IN expression

    TOKEN_EQ  shift, and go to state 71


state 68

    9 expression: expression TOKEN_AND expression @1 . expression TOKEN_OR expression @2 expression TOKEN_MINUS expression

    TOKEN_READSTRING  shift, and go to state 1
    TOKEN_READINT     shift, and go to state 2
    TOKEN_PRINT       shift, and go to state 3
    TOKEN_ISNIL       shift, and go to state 4
    TOKEN_HD          shift, and go to state 5
    TOKEN_TL          shift, and go to state 6
    TOKEN_NIL         shift, and go to state 7
    TOKEN_LET         shift, and go to state 8
    TOKEN_IDENTIFIER  shift, and go to state 9
    TOKEN_INT         shift, and go to state 10
    TOKEN_LPAREN      shift, and go to state 11
    TOKEN_IF          shift, and go to state 12
    TOKEN_LAMBDA      shift, and go to state 13
    TOKEN_FUN         shift, and go to state 14
    TOKEN_STRING      shift, and go to state 15
    TOKEN_ERROR       shift, and go to state 16

    expression  go to state 72
    identifier  go to state 19


state 69

    2 expression: TOKEN_LET identifier TOKEN_EQ expression TOKEN_IN . expression

    TOKEN_READSTRING  shift, and go to state 1
    TOKEN_READINT     shift, and go to state 2
    TOKEN_PRINT       shift, and go to state 3
    TOKEN_ISNIL       shift, and go to state 4
    TOKEN_HD          shift, and go to state 5
    TOKEN_TL          shift, and go to state 6
    TOKEN_NIL         shift, and go to state 7
    TOKEN_LET         shift, and go to state 8
    TOKEN_IDENTIFIER  shift, and go to state 9
    TOKEN_INT         shift, and go to state 10
    TOKEN_LPAREN      shift, and go to state 11
    TOKEN_IF          shift, and go to state 12
    TOKEN_LAMBDA      shift, and go to state 13
    TOKEN_FUN         shift, and go to state 14
    TOKEN_STRING      shift, and go to state 15
    TOKEN_ERROR       shift, and go to state 16

    expression  go to state 73
    identifier  go to state 19


state 70

    5 expression: TOKEN_IF expression TOKEN_THEN expression TOKEN_ELSE . expression

    TOKEN_READSTRING  shift, and go to state 1
    TOKEN_READINT     shift, and go to state 2
    TOKEN_PRINT       shift, and go to state 3
    TOKEN_ISNIL       shift, and go to state 4
    TOKEN_HD          shift, and go to state 5
    TOKEN_TL          shift, and go to state 6
    TOKEN_NIL         shift, and go to state 7
    TOKEN_LET         shift, and go to state 8
    TOKEN_IDENTIFIER  shift, and go to state 9
    TOKEN_INT         shift, and go to state 10
    TOKEN_LPAREN      shift, and go to state 11
    TOKEN_IF          shift, and go to state 12
    TOKEN_LAMBDA      shift, and go to state 13
    TOKEN_FUN         shift, and go to state 14
    TOKEN_STRING      shift, and go to state 15
    TOKEN_ERROR       shift, and go to state 16

    expression  go to state 74
    identifier  go to state 19


state 71

    3 expression: TOKEN_FUN identifier TOKEN_WITH identifier_list TOKEN_EQ . expression TOKEN_IN expression

    TOKEN_READSTRING  shift, and go to state 1
    TOKEN_READINT     shift, and go to state 2
    TOKEN_PRINT       shift, and go to state 3
    TOKEN_ISNIL       shift, and go to state 4
    TOKEN_HD          shift, and go to state 5
    TOKEN_TL          shift, and go to state 6
    TOKEN_NIL         shift, and go to state 7
    TOKEN_LET         shift, and go to state 8
    TOKEN_IDENTIFIER  shift, and go to state 9
    TOKEN_INT         shift, and go to state 10
    TOKEN_LPAREN      shift, and go to state 11
    TOKEN_IF          shift, and go to state 12
    TOKEN_LAMBDA      shift, and go to state 13
    TOKEN_FUN         shift, and go to state 14
    TOKEN_STRING      shift, and go to state 15
    TOKEN_ERROR       shift, and go to state 16

    expression  go to state 75
    identifier  go to state 19


state 72

    6 expression: expression . TOKEN_PLUS expression
    9           | expression . TOKEN_AND expression @1 expression TOKEN_OR expression @2 expression TOKEN_MINUS expression
    9           | expression TOKEN_AND expression @1 expression . TOKEN_OR expression @2 expression TOKEN_MINUS expression
   10           | expression . TOKEN_TIMES expression
   11           | expression . TOKEN_DIVIDE expression
   12           | expression . TOKEN_EQ expression
   13           | expression . TOKEN_NEQ expression
   14           | expression . TOKEN_LT expression
   15           | expression . TOKEN_LEQ expression
   16           | expression . TOKEN_GT expression
   17           | expression . TOKEN_GEQ expression
   26           | expression . TOKEN_CONS expression

    TOKEN_CONS    shift, and go to state 32
    TOKEN_PLUS    shift, and go to state 33
    TOKEN_TIMES   shift, and go to state 34
    TOKEN_DIVIDE  shift, and go to state 35
    TOKEN_AND     shift, and go to state 36
    TOKEN_OR      shift, and go to state 76
    TOKEN_EQ      shift, and go to state 37
    TOKEN_NEQ     shift, and go to state 38
    TOKEN_GT      shift, and go to state 39
    TOKEN_GEQ     shift, and go to state 40
    TOKEN_LT      shift, and go to state 41
    TOKEN_LEQ     shift, and go to state 42


state 73

    2 expression: TOKEN_LET identifier TOKEN_EQ expression TOKEN_IN expression .
    6           | expression . TOKEN_PLUS expression
    9           | expression . TOKEN_AND expression @1 expression TOKEN_OR expression @2 expression TOKEN_MINUS expression
   10           | expression . TOKEN_TIMES expression
   11           | expression . TOKEN_DIVIDE expression
   12           | expression . TOKEN_EQ expression
   13           | expression . TOKEN_NEQ expression
   14           | expression . TOKEN_LT expression
   15           | expression . TOKEN_LEQ expression
   16           | expression . TOKEN_GT expression
   17           | expression . TOKEN_GEQ expression
   26           | expression . TOKEN_CONS expression

    TOKEN_CONS    shift, and go to state 32
    TOKEN_PLUS    shift, and go to state 33
    TOKEN_TIMES   shift, and go to state 34
    TOKEN_DIVIDE  shift, and go to state 35
    TOKEN_AND     shift, and go to state 36
    TOKEN_EQ      shift, and go to state 37
    TOKEN_NEQ     shift, and go to state 38
    TOKEN_GT      shift, and go to state 39
    TOKEN_GEQ     shift, and go to state 40
    TOKEN_LT      shift, and go to state 41
    TOKEN_LEQ     shift, and go to state 42

    TOKEN_CONS    [reduce using rule 2 (expression)]
    TOKEN_PLUS    [reduce using rule 2 (expression)]
    TOKEN_TIMES   [reduce using rule 2 (expression)]
    TOKEN_DIVIDE  [reduce using rule 2 (expression)]
    TOKEN_AND     [reduce using rule 2 (expression)]
    TOKEN_EQ      [reduce using rule 2 (expression)]
    TOKEN_NEQ     [reduce using rule 2 (expression)]
    TOKEN_GT      [reduce using rule 2 (expression)]
    TOKEN_GEQ     [reduce using rule 2 (expression)]
    TOKEN_LT      [reduce using rule 2 (expression)]
    TOKEN_LEQ     [reduce using rule 2 (expression)]
    $default      reduce using rule 2 (expression)


state 74

    5 expression: TOKEN_IF expression TOKEN_THEN expression TOKEN_ELSE expression .
    6           | expression . TOKEN_PLUS expression
    9           | expression . TOKEN_AND expression @1 expression TOKEN_OR expression @2 expression TOKEN_MINUS expression
   10           | expression . TOKEN_TIMES expression
   11           | expression . TOKEN_DIVIDE expression
   12           | expression . TOKEN_EQ expression
   13           | expression . TOKEN_NEQ expression
   14           | expression . TOKEN_LT expression
   15           | expression . TOKEN_LEQ expression
   16           | expression . TOKEN_GT expression
   17           | expression . TOKEN_GEQ expression
   26           | expression . TOKEN_CONS expression

    TOKEN_CONS    shift, and go to state 32
    TOKEN_PLUS    shift, and go to state 33
    TOKEN_TIMES   shift, and go to state 34
    TOKEN_DIVIDE  shift, and go to state 35
    TOKEN_AND     shift, and go to state 36
    TOKEN_EQ      shift, and go to state 37
    TOKEN_NEQ     shift, and go to state 38
    TOKEN_GT      shift, and go to state 39
    TOKEN_GEQ     shift, and go to state 40
    TOKEN_LT      shift, and go to state 41
    TOKEN_LEQ     shift, and go to state 42

    TOKEN_CONS    [reduce using rule 5 (expression)]
    TOKEN_DIVIDE  [reduce using rule 5 (expression)]
    TOKEN_AND     [reduce using rule 5 (expression)]
    TOKEN_EQ      [reduce using rule 5 (expression)]
    TOKEN_NEQ     [reduce using rule 5 (expression)]
    TOKEN_GT      [reduce using rule 5 (expression)]
    TOKEN_GEQ     [reduce using rule 5 (expression)]
    TOKEN_LT      [reduce using rule 5 (expression)]
    TOKEN_LEQ     [reduce using rule 5 (expression)]
    $default      reduce using rule 5 (expression)


state 75

    3 expression: TOKEN_FUN identifier TOKEN_WITH identifier_list TOKEN_EQ expression . TOKEN_IN expression
    6           | expression . TOKEN_PLUS expression
    9           | expression . TOKEN_AND expression @1 expression TOKEN_OR expression @2 expression TOKEN_MINUS expression
   10           | expression . TOKEN_TIMES expression
   11           | expression . TOKEN_DIVIDE expression
   12           | expression . TOKEN_EQ expression
   13           | expression . TOKEN_NEQ expression
   14           | expression . TOKEN_LT expression
   15           | expression . TOKEN_LEQ expression
   16           | expression . TOKEN_GT expression
   17           | expression . TOKEN_GEQ expression
   26           | expression . TOKEN_CONS expression

    TOKEN_CONS    shift, and go to state 32
    TOKEN_PLUS    shift, and go to state 33
    TOKEN_TIMES   shift, and go to state 34
    TOKEN_DIVIDE  shift, and go to state 35
    TOKEN_AND     shift, and go to state 36
    TOKEN_EQ      shift, and go to state 37
    TOKEN_NEQ     shift, and go to state 38
    TOKEN_GT      shift, and go to state 39
    TOKEN_GEQ     shift, and go to state 40
    TOKEN_LT      shift, and go to state 41
    TOKEN_LEQ     shift, and go to state 42
    TOKEN_IN      shift, and go to state 77


state 76

    9 expression: expression TOKEN_AND expression @1 expression TOKEN_OR . expression @2 expression TOKEN_MINUS expression

    TOKEN_READSTRING  shift, and go to state 1
    TOKEN_READINT     shift, and go to state 2
    TOKEN_PRINT       shift, and go to state 3
    TOKEN_ISNIL       shift, and go to state 4
    TOKEN_HD          shift, and go to state 5
    TOKEN_TL          shift, and go to state 6
    TOKEN_NIL         shift, and go to state 7
    TOKEN_LET         shift, and go to state 8
    TOKEN_IDENTIFIER  shift, and go to state 9
    TOKEN_INT         shift, and go to state 10
    TOKEN_LPAREN      shift, and go to state 11
    TOKEN_IF          shift, and go to state 12
    TOKEN_LAMBDA      shift, and go to state 13
    TOKEN_FUN         shift, and go to state 14
    TOKEN_STRING      shift, and go to state 15
    TOKEN_ERROR       shift, and go to state 16

    expression  go to state 78
    identifier  go to state 19


state 77

    3 expression: TOKEN_FUN identifier TOKEN_WITH identifier_list TOKEN_EQ expression TOKEN_IN . expression

    TOKEN_READSTRING  shift, and go to state 1
    TOKEN_READINT     shift, and go to state 2
    TOKEN_PRINT       shift, and go to state 3
    TOKEN_ISNIL       shift, and go to state 4
    TOKEN_HD          shift, and go to state 5
    TOKEN_TL          shift, and go to state 6
    TOKEN_NIL         shift, and go to state 7
    TOKEN_LET         shift, and go to state 8
    TOKEN_IDENTIFIER  shift, and go to state 9
    TOKEN_INT         shift, and go to state 10
    TOKEN_LPAREN      shift, and go to state 11
    TOKEN_IF          shift, and go to state 12
    TOKEN_LAMBDA      shift, and go to state 13
    TOKEN_FUN         shift, and go to state 14
    TOKEN_STRING      shift, and go to state 15
    TOKEN_ERROR       shift, and go to state 16

    expression  go to state 79
    identifier  go to state 19


state 78

    6 expression: expression . TOKEN_PLUS expression
    9           | expression . TOKEN_AND expression @1 expression TOKEN_OR expression @2 expression TOKEN_MINUS expression
    9           | expression TOKEN_AND expression @1 expression TOKEN_OR expression . @2 expression TOKEN_MINUS expression
   10           | expression . TOKEN_TIMES expression
   11           | expression . TOKEN_DIVIDE expression
   12           | expression . TOKEN_EQ expression
   13           | expression . TOKEN_NEQ expression
   14           | expression . TOKEN_LT expression
   15           | expression . TOKEN_LEQ expression
   16           | expression . TOKEN_GT expression
   17           | expression . TOKEN_GEQ expression
   26           | expression . TOKEN_CONS expression

    TOKEN_CONS    shift, and go to state 32
    TOKEN_PLUS    shift, and go to state 33
    TOKEN_TIMES   shift, and go to state 34
    TOKEN_DIVIDE  shift, and go to state 35
    TOKEN_AND     shift, and go to state 36
    TOKEN_EQ      shift, and go to state 37
    TOKEN_NEQ     shift, and go to state 38
    TOKEN_GT      shift, and go to state 39
    TOKEN_GEQ     shift, and go to state 40
    TOKEN_LT      shift, and go to state 41
    TOKEN_LEQ     shift, and go to state 42

    $default  reduce using rule 8 (@2)

    @2  go to state 80


state 79

    3 expression: TOKEN_FUN identifier TOKEN_WITH identifier_list TOKEN_EQ expression TOKEN_IN expression .
    6           | expression . TOKEN_PLUS expression
    9           | expression . TOKEN_AND expression @1 expression TOKEN_OR expression @2 expression TOKEN_MINUS expression
   10           | expression . TOKEN_TIMES expression
   11           | expression . TOKEN_DIVIDE expression
   12           | expression . TOKEN_EQ expression
   13           | expression . TOKEN_NEQ expression
   14           | expression . TOKEN_LT expression
   15           | expression . TOKEN_LEQ expression
   16           | expression . TOKEN_GT expression
   17           | expression . TOKEN_GEQ expression
   26           | expression . TOKEN_CONS expression

    TOKEN_CONS    shift, and go to state 32
    TOKEN_PLUS    shift, and go to state 33
    TOKEN_TIMES   shift, and go to state 34
    TOKEN_DIVIDE  shift, and go to state 35
    TOKEN_AND     shift, and go to state 36
    TOKEN_EQ      shift, and go to state 37
    TOKEN_NEQ     shift, and go to state 38
    TOKEN_GT      shift, and go to state 39
    TOKEN_GEQ     shift, and go to state 40
    TOKEN_LT      shift, and go to state 41
    TOKEN_LEQ     shift, and go to state 42

    TOKEN_CONS    [reduce using rule 3 (expression)]
    TOKEN_PLUS    [reduce using rule 3 (expression)]
    TOKEN_TIMES   [reduce using rule 3 (expression)]
    TOKEN_DIVIDE  [reduce using rule 3 (expression)]
    TOKEN_AND     [reduce using rule 3 (expression)]
    TOKEN_EQ      [reduce using rule 3 (expression)]
    TOKEN_NEQ     [reduce using rule 3 (expression)]
    TOKEN_GT      [reduce using rule 3 (expression)]
    TOKEN_GEQ     [reduce using rule 3 (expression)]
    TOKEN_LT      [reduce using rule 3 (expression)]
    TOKEN_LEQ     [reduce using rule 3 (expression)]
    $default      reduce using rule 3 (expression)


state 80

    9 expression: expression TOKEN_AND expression @1 expression TOKEN_OR expression @2 . expression TOKEN_MINUS expression

    TOKEN_READSTRING  shift, and go to state 1
    TOKEN_READINT     shift, and go to state 2
    TOKEN_PRINT       shift, and go to state 3
    TOKEN_ISNIL       shift, and go to state 4
    TOKEN_HD          shift, and go to state 5
    TOKEN_TL          shift, and go to state 6
    TOKEN_NIL         shift, and go to state 7
    TOKEN_LET         shift, and go to state 8
    TOKEN_IDENTIFIER  shift, and go to state 9
    TOKEN_INT         shift, and go to state 10
    TOKEN_LPAREN      shift, and go to state 11
    TOKEN_IF          shift, and go to state 12
    TOKEN_LAMBDA      shift, and go to state 13
    TOKEN_FUN         shift, and go to state 14
    TOKEN_STRING      shift, and go to state 15
    TOKEN_ERROR       shift, and go to state 16

    expression  go to state 81
    identifier  go to state 19


state 81

    6 expression: expression . TOKEN_PLUS expression
    9           | expression . TOKEN_AND expression @1 expression TOKEN_OR expression @2 expression TOKEN_MINUS expression
    9           | expression TOKEN_AND expression @1 expression TOKEN_OR expression @2 expression . TOKEN_MINUS expression
   10           | expression . TOKEN_TIMES expression
   11           | expression . TOKEN_DIVIDE expression
   12           | expression . TOKEN_EQ expression
   13           | expression . TOKEN_NEQ expression
   14           | expression . TOKEN_LT expression
   15           | expression . TOKEN_LEQ expression
   16           | expression . TOKEN_GT expression
   17           | expression . TOKEN_GEQ expression
   26           | expression . TOKEN_CONS expression

    TOKEN_CONS    shift, and go to state 32
    TOKEN_PLUS    shift, and go to state 33
    TOKEN_MINUS   shift, and go to state 82
    TOKEN_TIMES   shift, and go to state 34
    TOKEN_DIVIDE  shift, and go to state 35
    TOKEN_AND     shift, and go to state 36
    TOKEN_EQ      shift, and go to state 37
    TOKEN_NEQ     shift, and go to state 38
    TOKEN_GT      shift, and go to state 39
    TOKEN_GEQ     shift, and go to state 40
    TOKEN_LT      shift, and go to state 41
    TOKEN_LEQ     shift, and go to state 42


state 82

    9 expression: expression TOKEN_AND expression @1 expression TOKEN_OR expression @2 expression TOKEN_MINUS . expression

    TOKEN_READSTRING  shift, and go to state 1
    TOKEN_READINT     shift, and go to state 2
    TOKEN_PRINT       shift, and go to state 3
    TOKEN_ISNIL       shift, and go to state 4
    TOKEN_HD          shift, and go to state 5
    TOKEN_TL          shift, and go to state 6
    TOKEN_NIL         shift, and go to state 7
    TOKEN_LET         shift, and go to state 8
    TOKEN_IDENTIFIER  shift, and go to state 9
    TOKEN_INT         shift, and go to state 10
    TOKEN_LPAREN      shift, and go to state 11
    TOKEN_IF          shift, and go to state 12
    TOKEN_LAMBDA      shift, and go to state 13
    TOKEN_FUN         shift, and go to state 14
    TOKEN_STRING      shift, and go to state 15
    TOKEN_ERROR       shift, and go to state 16

    expression  go to state 83
    identifier  go to state 19


state 83

    6 expression: expression . TOKEN_PLUS expression
    9           | expression . TOKEN_AND expression @1 expression TOKEN_OR expression @2 expression TOKEN_MINUS expression
    9           | expression TOKEN_AND expression @1 expression TOKEN_OR expression @2 expression TOKEN_MINUS expression .
   10           | expression . TOKEN_TIMES expression
   11           | expression . TOKEN_DIVIDE expression
   12           | expression . TOKEN_EQ expression
   13           | expression . TOKEN_NEQ expression
   14           | expression . TOKEN_LT expression
   15           | expression . TOKEN_LEQ expression
   16           | expression . TOKEN_GT expression
   17           | expression . TOKEN_GEQ expression
   26           | expression . TOKEN_CONS expression

    TOKEN_CONS    shift, and go to state 32
    TOKEN_PLUS    shift, and go to state 33
    TOKEN_TIMES   shift, and go to state 34
    TOKEN_DIVIDE  shift, and go to state 35
    TOKEN_AND     shift, and go to state 36
    TOKEN_EQ      shift, and go to state 37
    TOKEN_NEQ     shift, and go to state 38
    TOKEN_GT      shift, and go to state 39
    TOKEN_GEQ     shift, and go to state 40
    TOKEN_LT      shift, and go to state 41
    TOKEN_LEQ     shift, and go to state 42

    TOKEN_CONS    [reduce using rule 9 (expression)]
    TOKEN_PLUS    [reduce using rule 9 (expression)]
    TOKEN_TIMES   [reduce using rule 9 (expression)]
    TOKEN_DIVIDE  [reduce using rule 9 (expression)]
    TOKEN_AND     [reduce using rule 9 (expression)]
    TOKEN_EQ      [reduce using rule 9 (expression)]
    TOKEN_NEQ     [reduce using rule 9 (expression)]
    TOKEN_GT      [reduce using rule 9 (expression)]
    TOKEN_GEQ     [reduce using rule 9 (expression)]
    TOKEN_LT      [reduce using rule 9 (expression)]
    TOKEN_LEQ     [reduce using rule 9 (expression)]
    $default      reduce using rule 9 (expression)
